TN:
SF:/home/user/contikiUT/contiki/core/lib/list.c
FN:66,list_init
FN:83,list_head
FN:101,list_copy
FN:118,list_tail
FN:143,list_add
FN:165,list_push
FN:186,list_chop
FN:218,list_pop
FN:240,list_remove
FN:275,list_length
FN:303,list_insert
FN:325,list_item_next
FNDA:0,list_init
FNDA:0,list_head
FNDA:0,list_copy
FNDA:0,list_tail
FNDA:0,list_add
FNDA:0,list_push
FNDA:0,list_chop
FNDA:0,list_pop
FNDA:0,list_remove
FNDA:0,list_length
FNDA:0,list_insert
FNDA:0,list_item_next
FNF:12
FNH:0
BRDA:122,0,0,-
BRDA:122,0,1,-
BRDA:126,2,0,-
BRDA:126,2,1,-
BRDA:154,9999,0,-
BRDA:154,9999,1,-
BRDA:190,0,0,-
BRDA:190,0,1,-
BRDA:193,0,0,-
BRDA:193,0,1,-
BRDA:199,2,0,-
BRDA:199,2,1,-
BRDA:222,0,0,-
BRDA:222,0,1,-
BRDA:244,0,0,-
BRDA:244,0,1,-
BRDA:249,2,0,-
BRDA:249,2,1,-
BRDA:250,0,0,-
BRDA:250,0,1,-
BRDA:251,0,0,-
BRDA:251,0,1,-
BRDA:280,2,0,-
BRDA:280,2,1,-
BRDA:305,0,0,-
BRDA:305,0,1,-
BRDA:327,0,0,-
BRDA:327,0,1,-
BRF:28
BRH:0
DA:66,0
DA:68,0
DA:69,0
DA:83,0
DA:85,0
DA:101,0
DA:103,0
DA:104,0
DA:118,0
DA:122,0
DA:126,0
DA:143,0
DA:148,0
DA:150,0
DA:152,0
DA:154,0
DA:155,0
DA:157,0
DA:159,0
DA:165,0
DA:170,0
DA:172,0
DA:173,0
DA:174,0
DA:186,0
DA:190,0
DA:193,0
DA:194,0
DA:195,0
DA:196,0
DA:199,0
DA:201,0
DA:202,0
DA:204,0
DA:218,0
DA:221,0
DA:222,0
DA:223,0
DA:226,0
DA:240,0
DA:244,0
DA:248,0
DA:249,0
DA:250,0
DA:251,0
DA:253,0
DA:256,0
DA:258,0
DA:259,0
DA:261,0
DA:275,0
DA:278,0
DA:280,0
DA:281,0
DA:284,0
DA:303,0
DA:305,0
DA:306,0
DA:309,0
DA:310,0
DA:312,0
DA:325,0
DA:327,0
LF:63
LH:0
end_of_record
SF:/home/user/contikiUT/contiki/core/lib/memb.c
FN:52,memb_init
FN:59,memb_alloc
FN:79,memb_free
FN:104,memb_inmemb
FN:111,memb_numfree
FNDA:0,memb_init
FNDA:0,memb_alloc
FNDA:0,memb_free
FNDA:0,memb_inmemb
FNDA:0,memb_numfree
FNF:5
FNH:0
BRDA:63,2,0,-
BRDA:63,2,1,-
BRDA:64,0,0,-
BRDA:64,0,1,-
BRDA:87,2,0,-
BRDA:87,2,1,-
BRDA:89,0,0,-
BRDA:89,0,1,-
BRDA:92,0,0,-
BRDA:92,0,1,-
BRDA:107,0,0,-
BRDA:107,0,1,-
BRDA:107,1,2,-
BRDA:107,1,3,-
BRDA:116,2,0,-
BRDA:116,2,1,-
BRDA:117,0,0,-
BRDA:117,0,1,-
BRF:18
BRH:0
DA:52,0
DA:54,0
DA:55,0
DA:56,0
DA:59,0
DA:63,0
DA:64,0
DA:68,0
DA:69,0
DA:79,0
DA:86,0
DA:87,0
DA:89,0
DA:92,0
DA:94,0
DA:96,0
DA:98,0
DA:104,0
DA:107,0
DA:111,0
DA:114,0
DA:116,0
DA:117,0
DA:118,0
DA:122,0
LF:25
LH:0
end_of_record
SF:/home/user/contikiUT/contiki/core/lib/random.c
FN:41,random_init
FN:47,random_rand
FNDA:0,random_init
FNDA:0,random_rand
FNF:2
FNH:0
DA:41,0
DA:43,0
DA:44,0
DA:47,0
DA:52,0
LF:5
LH:0
end_of_record
SF:/home/user/contikiUT/contiki/core/net/ip/simple-udp.c
FN:59,init_simple_udp
FN:68,simple_udp_send
FN:79,simple_udp_sendto
FN:91,simple_udp_sendto_port
FN:104,simple_udp_register
FN:133,process_thread_simple_udp_process
FNDA:0,init_simple_udp
FNDA:0,simple_udp_send
FNDA:0,simple_udp_sendto
FNDA:0,simple_udp_sendto_port
FNDA:0,simple_udp_register
FNDA:0,process_thread_simple_udp_process
FNF:6
FNH:0
BRDA:61,0,0,-
BRDA:61,0,1,-
BRDA:71,0,0,-
BRDA:71,0,1,-
BRDA:83,0,0,-
BRDA:83,0,1,-
BRDA:96,0,0,-
BRDA:96,0,1,-
BRDA:115,9999,0,-
BRDA:115,9999,1,-
BRDA:122,9999,0,-
BRDA:122,9999,1,-
BRDA:127,0,0,-
BRDA:127,0,1,-
BRDA:136,0,0,-
BRDA:136,0,1,-
BRDA:136,0,2,-
BRDA:139,1,0,-
BRDA:139,1,1,-
BRDA:140,0,0,-
BRDA:140,0,1,-
BRDA:151,0,0,-
BRDA:151,0,1,-
BRDA:155,0,0,-
BRDA:155,0,1,-
BRDA:164,0,0,-
BRDA:164,0,1,-
BRF:27
BRH:0
DA:59,0
DA:61,0
DA:62,0
DA:63,0
DA:65,0
DA:68,0
DA:71,0
DA:73,0
DA:75,0
DA:79,0
DA:83,0
DA:85,0
DA:87,0
DA:91,0
DA:96,0
DA:98,0
DA:100,0
DA:104,0
DA:111,0
DA:113,0
DA:114,0
DA:115,0
DA:116,0
DA:118,0
DA:120,0
DA:121,0
DA:122,0
DA:123,0
DA:125,0
DA:127,0
DA:130,0
DA:133,0
DA:136,0
DA:139,0
DA:140,0
DA:147,0
DA:151,0
DA:155,0
DA:159,0
DA:164,0
DA:165,0
DA:171,0
DA:172,0
DA:180,0
LF:44
LH:0
end_of_record
SF:/home/user/contikiUT/contiki/core/net/ip/tcpip.c
FN:115,tcpip_output
FN:127,tcpip_set_outputfunc
FN:159,start_periodic_tcp_timer
FN:167,check_for_tcp_syn
FN:184,packet_input
FN:231,tcp_connect
FN:250,tcp_unlisten
FN:268,tcp_listen
FN:286,tcp_attach
FN:300,udp_attach
FN:311,udp_new
FN:329,udp_broadcast_new
FN:349,icmp6_new
FN:359,tcpip_icmp6_call
FN:371,eventhandler
FN:528,tcpip_input
FN:539,tcpip_ipv6_output
FN:735,tcpip_poll_udp
FN:743,tcpip_poll_tcp
FN:750,tcpip_uipcall
FN:794,process_thread_tcpip_process
FNDA:0,tcpip_output
FNDA:0,tcpip_set_outputfunc
FNDA:0,start_periodic_tcp_timer
FNDA:0,check_for_tcp_syn
FNDA:0,packet_input
FNDA:0,tcp_connect
FNDA:0,tcp_unlisten
FNDA:0,tcp_listen
FNDA:0,tcp_attach
FNDA:0,udp_attach
FNDA:0,udp_new
FNDA:0,udp_broadcast_new
FNDA:0,icmp6_new
FNDA:0,tcpip_icmp6_call
FNDA:0,eventhandler
FNDA:0,tcpip_input
FNDA:0,tcpip_ipv6_output
FNDA:0,tcpip_poll_udp
FNDA:0,tcpip_poll_tcp
FNDA:0,tcpip_uipcall
FNDA:0,process_thread_tcpip_process
FNF:21
FNH:0
BRDA:118,0,0,-
BRDA:118,0,1,-
BRDA:161,0,1,-
BRDA:161,0,2,-
BRDA:176,0,0,-
BRDA:176,0,1,-
BRDA:176,1,2,-
BRDA:176,1,3,-
BRDA:209,0,0,-
BRDA:209,0,1,-
BRDA:212,9999,0,-
BRDA:212,9999,1,-
BRDA:236,9999,0,-
BRDA:236,9999,1,-
BRDA:256,2,0,-
BRDA:256,2,1,-
BRDA:257,0,0,-
BRDA:257,0,1,-
BRDA:257,1,2,-
BRDA:257,1,3,-
BRDA:274,2,0,-
BRDA:274,2,1,-
BRDA:275,0,0,-
BRDA:275,0,1,-
BRDA:317,9999,0,-
BRDA:317,9999,1,-
BRDA:340,9999,0,-
BRDA:340,9999,1,-
BRDA:350,0,0,-
BRDA:350,0,1,-
BRDA:361,0,0,-
BRDA:361,0,1,-
BRDA:379,0,0,-
BRDA:379,0,1,-
BRDA:379,0,2,-
BRDA:379,0,3,-
BRDA:379,0,4,-
BRDA:379,0,5,-
BRDA:389,2,0,-
BRDA:389,2,1,-
BRDA:390,0,0,-
BRDA:390,0,1,-
BRDA:401,1,0,-
BRDA:401,1,1,-
BRDA:402,0,0,-
BRDA:402,0,1,-
BRDA:413,1,0,-
BRDA:413,1,1,-
BRDA:415,0,0,-
BRDA:415,0,1,-
BRDA:428,0,0,-
BRDA:428,0,1,-
BRDA:428,0,2,-
BRDA:428,0,3,-
BRDA:428,2,4,-
BRDA:428,2,5,-
BRDA:431,2,0,-
BRDA:431,2,1,-
BRDA:432,0,0,-
BRDA:432,0,1,-
BRDA:481,0,0,-
BRDA:481,0,1,-
BRDA:481,0,2,-
BRDA:481,0,3,-
BRDA:481,2,4,-
BRDA:481,2,5,-
BRDA:491,0,0,-
BRDA:491,0,1,-
BRDA:508,0,0,-
BRDA:508,0,1,-
BRDA:544,0,0,-
BRDA:544,0,1,-
BRDA:548,0,0,-
BRDA:548,0,1,-
BRDA:554,0,0,-
BRDA:554,0,1,-
BRDA:554,1,2,-
BRDA:554,1,3,-
BRDA:554,2,4,-
BRDA:554,2,5,-
BRDA:554,3,6,-
BRDA:554,3,7,-
BRDA:554,4,8,-
BRDA:554,4,9,-
BRDA:554,5,10,-
BRDA:554,5,11,-
BRDA:554,6,12,-
BRDA:554,6,13,-
BRDA:554,7,14,-
BRDA:554,7,15,-
BRDA:560,0,0,-
BRDA:560,0,1,-
BRDA:567,0,1,-
BRDA:567,0,2,-
BRDA:575,9999,0,-
BRDA:575,9999,1,-
BRDA:578,9999,0,-
BRDA:578,9999,1,-
BRDA:604,9999,0,-
BRDA:604,9999,1,-
BRDA:613,0,0,-
BRDA:613,0,1,-
BRDA:644,0,1,-
BRDA:644,0,2,-
BRDA:650,9999,0,-
BRDA:650,9999,1,-
BRDA:652,0,1,-
BRDA:652,0,2,-
BRDA:658,0,1,-
BRDA:658,0,2,-
BRDA:669,0,1,-
BRDA:669,0,2,-
BRDA:681,0,0,-
BRDA:681,0,1,-
BRDA:686,0,1,-
BRDA:686,0,2,-
BRDA:696,0,0,-
BRDA:696,0,1,-
BRDA:713,9999,1,-
BRDA:713,9999,2,-
BRDA:755,0,0,-
BRDA:755,0,1,-
BRDA:771,0,0,-
BRDA:771,0,1,-
BRDA:773,2,0,-
BRDA:773,2,1,-
BRDA:774,0,0,-
BRDA:774,0,1,-
BRDA:774,1,2,-
BRDA:774,1,3,-
BRDA:789,0,0,-
BRDA:789,0,1,-
BRDA:796,0,0,-
BRDA:796,0,1,-
BRDA:796,0,2,-
BRDA:802,2,0,-
BRDA:802,2,1,-
BRDA:825,1,0,-
BRDA:825,1,1,-
BRF:139
BRH:0
DA:115,0
DA:118,0
DA:119,0
DA:120,0
DA:127,0
DA:129,0
DA:130,0
DA:159,0
DA:161,0
DA:162,0
DA:164,0
DA:167,0
DA:176,0
DA:178,0
DA:181,0
DA:184,0
DA:209,0
DA:210,0
DA:211,0
DA:212,0
DA:217,0
DA:226,0
DA:231,0
DA:235,0
DA:236,0
DA:240,0
DA:241,0
DA:243,0
DA:245,0
DA:250,0
DA:255,0
DA:256,0
DA:257,0
DA:259,0
DA:260,0
DA:261,0
DA:263,0
DA:265,0
DA:268,0
DA:273,0
DA:274,0
DA:275,0
DA:276,0
DA:277,0
DA:278,0
DA:279,0
DA:281,0
DA:283,0
DA:286,0
DA:291,0
DA:292,0
DA:293,0
DA:294,0
DA:300,0
DA:305,0
DA:306,0
DA:307,0
DA:308,0
DA:311,0
DA:316,0
DA:317,0
DA:321,0
DA:322,0
DA:323,0
DA:325,0
DA:329,0
DA:335,0
DA:339,0
DA:340,0
DA:341,0
DA:343,0
DA:349,0
DA:350,0
DA:351,0
DA:352,0
DA:353,0
DA:359,0
DA:361,0
DA:364,0
DA:366,0
DA:371,0
DA:379,0
DA:386,0
DA:388,0
DA:389,0
DA:390,0
DA:391,0
DA:392,0
DA:393,0
DA:395,0
DA:401,0
DA:402,0
DA:403,0
DA:404,0
DA:413,0
DA:415,0
DA:416,0
DA:428,0
DA:429,0
DA:431,0
DA:432,0
DA:435,0
DA:436,0
DA:438,0
DA:481,0
DA:482,0
DA:483,0
DA:484,0
DA:491,0
DA:492,0
DA:494,0
DA:502,0
DA:508,0
DA:509,0
DA:511,0
DA:522,0
DA:523,0
DA:525,0
DA:528,0
DA:530,0
DA:531,0
DA:533,0
DA:535,0
DA:539,0
DA:541,0
DA:544,0
DA:548,0
DA:550,0
DA:551,0
DA:554,0
DA:556,0
DA:557,0
DA:560,0
DA:562,0
DA:567,0
DA:572,0
DA:575,0
DA:577,0
DA:578,0
DA:593,0
DA:594,0
DA:600,0
DA:604,0
DA:612,0
DA:613,0
DA:614,0
DA:616,0
DA:619,0
DA:623,0
DA:644,0
DA:645,0
DA:646,0
DA:649,0
DA:650,0
DA:652,0
DA:653,0
DA:654,0
DA:658,0
DA:659,0
DA:660,0
DA:669,0
DA:670,0
DA:672,0
DA:675,0
DA:676,0
DA:681,0
DA:686,0
DA:687,0
DA:688,0
DA:691,0
DA:692,0
DA:696,0
DA:697,0
DA:698,0
DA:699,0
DA:704,0
DA:713,0
DA:714,0
DA:715,0
DA:716,0
DA:717,0
DA:721,0
DA:722,0
DA:724,0
DA:727,0
DA:728,0
DA:729,0
DA:735,0
DA:737,0
DA:738,0
DA:743,0
DA:745,0
DA:746,0
DA:750,0
DA:755,0
DA:756,0
DA:758,0
DA:771,0
DA:772,0
DA:773,0
DA:774,0
DA:776,0
DA:777,0
DA:778,0
DA:780,0
DA:784,0
DA:789,0
DA:790,0
DA:792,0
DA:794,0
DA:796,0
DA:802,0
DA:803,0
DA:805,0
DA:809,0
DA:811,0
DA:813,0
DA:815,0
DA:821,0
DA:824,0
DA:825,0
DA:826,0
DA:829,0
LF:223
LH:0
end_of_record
SF:/home/user/contikiUT/contiki/core/net/ip/uip-debug.c
FN:44,uip_debug_ipaddr_print
FN:75,uip_debug_lladdr_print
FNDA:0,uip_debug_ipaddr_print
FNDA:0,uip_debug_lladdr_print
FNF:2
FNH:0
BRDA:46,0,0,-
BRDA:46,0,1,-
BRDA:46,1,2,-
BRDA:46,1,3,-
BRDA:54,1,0,-
BRDA:54,1,1,-
BRDA:56,0,0,-
BRDA:56,0,1,-
BRDA:57,0,0,-
BRDA:57,0,1,-
BRDA:61,0,0,-
BRDA:61,0,1,-
BRDA:63,0,0,-
BRDA:63,0,1,-
BRDA:78,1,0,-
BRDA:78,1,1,-
BRDA:79,0,0,-
BRDA:79,0,1,-
BRF:18
BRH:0
DA:44,0
DA:46,0
DA:48,0
DA:54,0
DA:55,0
DA:56,0
DA:57,0
DA:61,0
DA:63,0
DA:66,0
DA:75,0
DA:78,0
DA:79,0
DA:82,0
DA:84,0
LF:15
LH:0
end_of_record
SF:/home/user/contikiUT/contiki/core/net/ip/uip-packetqueue.c
FN:22,packet_timedout
FN:32,uip_packetqueue_new
FN:39,uip_packetqueue_alloc
FN:57,uip_packetqueue_free
FN:68,uip_packetqueue_buf
FN:74,uip_packetqueue_buflen
FN:80,uip_packetqueue_set_buflen
FNDA:0,packet_timedout
FNDA:0,uip_packetqueue_new
FNDA:0,uip_packetqueue_alloc
FNDA:0,uip_packetqueue_free
FNDA:0,uip_packetqueue_buf
FNDA:0,uip_packetqueue_buflen
FNDA:0,uip_packetqueue_set_buflen
FNF:7
FNH:0
BRDA:42,0,0,-
BRDA:42,0,1,-
BRDA:47,9999,0,-
BRDA:47,9999,1,-
BRDA:60,0,0,-
BRDA:60,0,1,-
BRDA:70,0,0,-
BRDA:70,0,1,-
BRDA:76,0,0,-
BRDA:76,0,1,-
BRDA:82,0,0,-
BRDA:82,0,1,-
BRF:12
BRH:0
DA:22,0
DA:24,0
DA:27,0
DA:28,0
DA:29,0
DA:32,0
DA:35,0
DA:36,0
DA:39,0
DA:42,0
DA:46,0
DA:47,0
DA:49,0
DA:53,0
DA:57,0
DA:60,0
DA:61,0
DA:62,0
DA:63,0
DA:65,0
DA:68,0
DA:70,0
DA:74,0
DA:76,0
DA:80,0
DA:82,0
DA:83,0
DA:85,0
LF:28
LH:0
end_of_record
SF:/home/user/contikiUT/contiki/core/net/ip/uip-udp-packet.c
FN:51,uip_udp_packet_send
FN:82,uip_udp_packet_sendto
FNDA:0,uip_udp_packet_send
FNDA:0,uip_udp_packet_sendto
FNF:2
FNH:0
BRDA:54,0,0,-
BRDA:54,0,1,-
BRDA:88,0,0,-
BRDA:88,0,1,-
BRF:4
BRH:0
DA:51,0
DA:54,0
DA:55,0
DA:56,0
DA:59,0
DA:60,0
DA:70,0
DA:77,0
DA:79,0
DA:82,0
DA:88,0
DA:90,0
DA:91,0
DA:94,0
DA:95,0
DA:97,0
DA:100,0
DA:101,0
DA:103,0
LF:19
LH:0
end_of_record
SF:/home/user/contikiUT/contiki/core/net/ipv6/uip-ds6-nbr.c
FN:75,uip_ds6_neighbors_init
FN:81,uip_ds6_nbr_add
FN:115,uip_ds6_nbr_rm
FN:129,uip_ds6_nbr_get_ipaddr
FN:136,uip_ds6_nbr_get_ll
FN:142,uip_ds6_nbr_num
FN:157,uip_ds6_nbr_lookup
FN:172,uip_ds6_nbr_ll_lookup
FN:179,uip_ds6_nbr_ipaddr_from_lladdr
FN:187,uip_ds6_nbr_lladdr_from_ipaddr
FN:194,uip_ds6_link_neighbor_callback
FN:235,uip_ds6_neighbor_periodic
FN:316,uip_ds6_get_least_lifetime_neighbor
FNDA:0,uip_ds6_neighbors_init
FNDA:0,uip_ds6_nbr_add
FNDA:0,uip_ds6_nbr_rm
FNDA:0,uip_ds6_nbr_get_ipaddr
FNDA:0,uip_ds6_nbr_get_ll
FNDA:0,uip_ds6_nbr_num
FNDA:0,uip_ds6_nbr_lookup
FNDA:0,uip_ds6_nbr_ll_lookup
FNDA:0,uip_ds6_nbr_ipaddr_from_lladdr
FNDA:0,uip_ds6_nbr_lladdr_from_ipaddr
FNDA:0,uip_ds6_link_neighbor_callback
FNDA:0,uip_ds6_neighbor_periodic
FNDA:0,uip_ds6_get_least_lifetime_neighbor
FNF:13
FNH:0
BRDA:85,9999,0,-
BRDA:85,9999,1,-
BRDA:117,0,0,-
BRDA:117,0,1,-
BRDA:131,0,0,-
BRDA:131,0,1,-
BRDA:148,2,2,-
BRDA:148,2,3,-
BRDA:160,9999,0,-
BRDA:160,9999,1,-
BRDA:161,0,0,-
BRDA:161,0,1,-
BRDA:162,0,0,-
BRDA:162,0,1,-
BRDA:182,9999,0,-
BRDA:182,9999,1,-
BRDA:190,9999,0,-
BRDA:190,9999,1,-
BRDA:197,9999,1,-
BRDA:197,9999,2,-
BRDA:239,0,0,-
BRDA:239,0,1,-
BRDA:240,0,0,-
BRDA:240,0,1,-
BRDA:240,0,2,-
BRDA:240,0,3,-
BRDA:240,0,4,-
BRDA:242,0,1,-
BRDA:242,0,2,-
BRDA:250,0,1,-
BRDA:250,0,2,-
BRDA:273,0,0,-
BRDA:273,0,1,-
BRDA:275,0,1,-
BRDA:275,0,2,-
BRDA:275,1,3,-
BRDA:275,1,4,-
BRDA:275,3,5,-
BRDA:275,3,6,-
BRDA:283,0,1,-
BRDA:283,0,2,-
BRDA:291,0,0,-
BRDA:291,0,1,-
BRDA:294,0,1,-
BRDA:294,0,2,-
BRDA:295,0,0,-
BRDA:295,0,1,-
BRDA:300,0,1,-
BRDA:300,0,2,-
BRDA:300,1,3,-
BRDA:300,1,4,-
BRDA:300,3,5,-
BRDA:300,3,6,-
BRDA:320,0,0,-
BRDA:320,0,1,-
BRDA:321,0,0,-
BRDA:321,0,1,-
BRDA:323,9999,1,-
BRDA:323,9999,2,-
BRF:59
BRH:0
DA:75,0
DA:77,0
DA:78,0
DA:81,0
DA:84,0
DA:85,0
DA:86,0
DA:87,0
DA:88,0
DA:90,0
DA:93,0
DA:94,0
DA:95,0
DA:101,0
DA:102,0
DA:115,0
DA:117,0
DA:119,0
DA:121,0
DA:122,0
DA:124,0
DA:129,0
DA:131,0
DA:136,0
DA:138,0
DA:142,0
DA:147,0
DA:148,0
DA:150,0
DA:151,0
DA:153,0
DA:157,0
DA:159,0
DA:160,0
DA:161,0
DA:162,0
DA:165,0
DA:172,0
DA:174,0
DA:179,0
DA:181,0
DA:182,0
DA:187,0
DA:189,0
DA:190,0
DA:194,0
DA:196,0
DA:197,0
DA:198,0
DA:201,0
DA:235,0
DA:238,0
DA:239,0
DA:240,0
DA:242,0
DA:250,0
DA:254,0
DA:255,0
DA:256,0
DA:261,0
DA:273,0
DA:274,0
DA:275,0
DA:276,0
DA:278,0
DA:279,0
DA:283,0
DA:284,0
DA:285,0
DA:287,0
DA:291,0
DA:294,0
DA:295,0
DA:296,0
DA:299,0
DA:300,0
DA:301,0
DA:303,0
DA:304,0
DA:311,0
DA:313,0
DA:316,0
DA:318,0
DA:319,0
DA:320,0
DA:321,0
DA:322,0
DA:323,0
DA:324,0
DA:329,0
DA:331,0
LF:91
LH:0
end_of_record
SF:/home/user/contikiUT/contiki/core/net/ipv6/uip-ds6-route.c
FN:102,call_route_callback
FN:121,uip_ds6_notification_add
FN:131,uip_ds6_notification_rm
FN:138,uip_ds6_route_init
FN:154,uip_ds6_route_nexthop_lladdr
FN:165,uip_ds6_route_nexthop
FN:175,uip_ds6_route_head
FN:181,uip_ds6_route_next
FN:191,uip_ds6_route_num_routes
FN:197,uip_ds6_route_lookup
FN:248,uip_ds6_route_add
FN:382,uip_ds6_route_rm
FN:453,rm_routelist
FN:474,rm_routelist_callback
FN:480,uip_ds6_route_rm_by_nexthop
FN:493,uip_ds6_defrt_add
FN:541,uip_ds6_defrt_rm
FN:572,uip_ds6_defrt_lookup
FN:586,uip_ds6_defrt_choose
FN:616,uip_ds6_defrt_periodic
FNDA:0,call_route_callback
FNDA:0,uip_ds6_notification_add
FNDA:0,uip_ds6_notification_rm
FNDA:0,uip_ds6_route_init
FNDA:0,uip_ds6_route_nexthop_lladdr
FNDA:0,uip_ds6_route_nexthop
FNDA:0,uip_ds6_route_head
FNDA:0,uip_ds6_route_next
FNDA:0,uip_ds6_route_num_routes
FNDA:0,uip_ds6_route_lookup
FNDA:0,uip_ds6_route_add
FNDA:0,uip_ds6_route_rm
FNDA:0,rm_routelist
FNDA:0,rm_routelist_callback
FNDA:0,uip_ds6_route_rm_by_nexthop
FNDA:0,uip_ds6_defrt_add
FNDA:0,uip_ds6_defrt_rm
FNDA:0,uip_ds6_defrt_lookup
FNDA:0,uip_ds6_defrt_choose
FNDA:0,uip_ds6_defrt_periodic
FNF:20
FNH:0
BRDA:107,1,2,-
BRDA:107,1,3,-
BRDA:110,0,0,-
BRDA:110,0,1,-
BRDA:124,0,0,-
BRDA:124,0,1,-
BRDA:156,0,0,-
BRDA:156,0,1,-
BRDA:167,0,0,-
BRDA:167,0,1,-
BRDA:183,0,0,-
BRDA:183,0,1,-
BRDA:210,2,2,-
BRDA:210,2,3,-
BRDA:213,0,0,-
BRDA:213,0,1,-
BRDA:213,1,2,-
BRDA:213,1,3,-
BRDA:218,0,0,-
BRDA:218,0,1,-
BRDA:234,0,0,-
BRDA:234,0,1,-
BRDA:234,1,3,-
BRDA:234,1,4,-
BRDA:234,3,5,-
BRDA:234,3,6,-
BRDA:260,9999,0,-
BRDA:260,9999,1,-
BRDA:271,9999,0,-
BRDA:271,9999,1,-
BRDA:283,0,1,-
BRDA:283,0,2,-
BRDA:307,9999,0,-
BRDA:307,9999,1,-
BRDA:315,9999,0,-
BRDA:315,9999,1,-
BRDA:327,9999,0,-
BRDA:327,9999,1,-
BRDA:339,9999,0,-
BRDA:339,9999,1,-
BRDA:388,0,0,-
BRDA:388,0,1,-
BRDA:388,1,2,-
BRDA:388,1,3,-
BRDA:398,1,2,-
BRDA:398,1,3,-
BRDA:398,2,4,-
BRDA:398,2,5,-
BRDA:398,4,6,-
BRDA:398,4,7,-
BRDA:402,0,0,-
BRDA:402,0,1,-
BRDA:408,9999,1,-
BRDA:408,9999,2,-
BRDA:459,0,0,-
BRDA:459,0,1,-
BRDA:459,1,2,-
BRDA:459,1,3,-
BRDA:462,0,0,-
BRDA:462,0,1,-
BRDA:503,9999,0,-
BRDA:503,9999,1,-
BRDA:505,9999,0,-
BRDA:505,9999,1,-
BRDA:520,0,0,-
BRDA:520,0,1,-
BRDA:550,2,2,-
BRDA:550,2,3,-
BRDA:553,0,0,-
BRDA:553,0,1,-
BRDA:575,2,2,-
BRDA:575,2,3,-
BRDA:578,0,0,-
BRDA:578,0,1,-
BRDA:593,2,2,-
BRDA:593,2,3,-
BRDA:600,9999,0,-
BRDA:600,9999,1,-
BRDA:600,0,2,-
BRDA:600,0,3,-
BRDA:620,0,0,-
BRDA:620,0,1,-
BRDA:621,0,0,-
BRDA:621,0,1,-
BRDA:621,0,2,-
BRDA:621,0,3,-
BRDA:621,2,4,-
BRDA:621,2,5,-
BRF:88
BRH:0
DA:102,0
DA:107,0
DA:110,0
DA:112,0
DA:114,0
DA:116,0
DA:118,0
DA:121,0
DA:124,0
DA:125,0
DA:126,0
DA:128,0
DA:131,0
DA:133,0
DA:134,0
DA:138,0
DA:140,0
DA:141,0
DA:143,0
DA:145,0
DA:146,0
DA:149,0
DA:151,0
DA:154,0
DA:156,0
DA:158,0
DA:165,0
DA:167,0
DA:168,0
DA:175,0
DA:177,0
DA:181,0
DA:183,0
DA:184,0
DA:185,0
DA:191,0
DA:193,0
DA:197,0
DA:208,0
DA:209,0
DA:210,0
DA:213,0
DA:214,0
DA:215,0
DA:216,0
DA:218,0
DA:234,0
DA:240,0
DA:241,0
DA:244,0
DA:248,0
DA:259,0
DA:260,0
DA:270,0
DA:271,0
DA:275,0
DA:283,0
DA:288,0
DA:292,0
DA:305,0
DA:307,0
DA:314,0
DA:315,0
DA:321,0
DA:325,0
DA:327,0
DA:336,0
DA:338,0
DA:339,0
DA:343,0
DA:344,0
DA:347,0
DA:349,0
DA:350,0
DA:351,0
DA:356,0
DA:357,0
DA:360,0
DA:371,0
DA:377,0
DA:382,0
DA:388,0
DA:395,0
DA:398,0
DA:402,0
DA:404,0
DA:407,0
DA:408,0
DA:412,0
DA:414,0
DA:415,0
DA:417,0
DA:423,0
DA:449,0
DA:453,0
DA:459,0
DA:461,0
DA:462,0
DA:463,0
DA:464,0
DA:466,0
DA:471,0
DA:474,0
DA:476,0
DA:477,0
DA:480,0
DA:486,0
DA:488,0
DA:489,0
DA:490,0
DA:493,0
DA:502,0
DA:503,0
DA:504,0
DA:505,0
DA:516,0
DA:519,0
DA:520,0
DA:521,0
DA:522,0
DA:524,0
DA:530,0
DA:537,0
DA:541,0
DA:550,0
DA:553,0
DA:555,0
DA:556,0
DA:560,0
DA:562,0
DA:572,0
DA:575,0
DA:578,0
DA:586,0
DA:592,0
DA:593,0
DA:599,0
DA:600,0
DA:604,0
DA:606,0
DA:616,0
DA:619,0
DA:620,0
DA:621,0
DA:622,0
DA:624,0
DA:625,0
DA:627,0
DA:630,0
LF:149
LH:0
end_of_record
SF:/home/user/contikiUT/contiki/core/net/ipv6/uip-ds6.c
FN:91,uip_ds6_init
FN:145,uip_ds6_periodic
FN:201,uip_ds6_list_loop
FN:230,uip_ds6_prefix_add
FN:285,uip_ds6_prefix_rm
FN:294,uip_ds6_prefix_lookup
FN:307,uip_ds6_is_addr_onlink
FN:321,uip_ds6_addr_add
FN:354,uip_ds6_addr_rm
FN:368,uip_ds6_addr_lookup
FN:386,uip_ds6_get_link_local
FN:405,uip_ds6_get_global
FN:419,uip_ds6_maddr_add
FN:434,uip_ds6_maddr_rm
FN:444,uip_ds6_maddr_lookup
FN:458,uip_ds6_aaddr_add
FN:473,uip_ds6_aaddr_rm
FN:483,uip_ds6_aaddr_lookup
FN:495,uip_ds6_select_src
FN:533,uip_ds6_set_addr_iid
FN:553,get_match_length
FN:695,uip_ds6_compute_reachable_time
FNDA:0,uip_ds6_init
FNDA:0,uip_ds6_periodic
FNDA:0,uip_ds6_list_loop
FNDA:0,uip_ds6_prefix_add
FNDA:0,uip_ds6_prefix_rm
FNDA:0,uip_ds6_prefix_lookup
FNDA:0,uip_ds6_is_addr_onlink
FNDA:0,uip_ds6_addr_add
FNDA:0,uip_ds6_addr_rm
FNDA:0,uip_ds6_addr_lookup
FNDA:0,uip_ds6_get_link_local
FNDA:0,uip_ds6_get_global
FNDA:0,uip_ds6_maddr_add
FNDA:0,uip_ds6_maddr_rm
FNDA:0,uip_ds6_maddr_lookup
FNDA:0,uip_ds6_aaddr_add
FNDA:0,uip_ds6_aaddr_rm
FNDA:0,uip_ds6_aaddr_lookup
FNDA:0,uip_ds6_select_src
FNDA:0,uip_ds6_set_addr_iid
FNDA:0,get_match_length
FNDA:0,uip_ds6_compute_reachable_time
FNF:22
FNH:0
BRDA:149,2,0,-
BRDA:149,2,1,-
BRDA:151,0,0,-
BRDA:151,0,1,-
BRDA:152,0,0,-
BRDA:152,0,1,-
BRDA:152,1,3,-
BRDA:152,1,4,-
BRDA:152,3,5,-
BRDA:152,3,6,-
BRDA:209,2,0,-
BRDA:209,2,1,-
BRDA:213,0,0,-
BRDA:213,0,1,-
BRDA:214,0,0,-
BRDA:214,0,1,-
BRDA:223,0,0,-
BRDA:223,0,1,-
BRDA:234,9999,0,-
BRDA:234,9999,1,-
BRDA:287,0,0,-
BRDA:287,0,1,-
BRDA:296,9999,0,-
BRDA:296,9999,1,-
BRDA:309,2,0,-
BRDA:309,2,1,-
BRDA:311,0,0,-
BRDA:311,0,1,-
BRDA:311,1,2,-
BRDA:311,1,3,-
BRDA:323,9999,0,-
BRDA:323,9999,1,-
BRDA:330,0,0,-
BRDA:330,0,1,-
BRDA:356,0,0,-
BRDA:356,0,1,-
BRDA:358,0,1,-
BRDA:358,0,2,-
BRDA:370,9999,0,-
BRDA:370,9999,1,-
BRDA:388,2,0,-
BRDA:388,2,1,-
BRDA:390,0,0,-
BRDA:390,0,1,-
BRDA:390,1,2,-
BRDA:390,1,3,-
BRDA:390,2,4,-
BRDA:390,2,5,-
BRDA:390,3,6,-
BRDA:390,3,7,-
BRDA:407,2,0,-
BRDA:407,2,1,-
BRDA:409,0,0,-
BRDA:409,0,1,-
BRDA:409,1,2,-
BRDA:409,1,3,-
BRDA:409,2,4,-
BRDA:409,2,5,-
BRDA:409,3,6,-
BRDA:409,3,7,-
BRDA:421,9999,0,-
BRDA:421,9999,1,-
BRDA:436,0,0,-
BRDA:436,0,1,-
BRDA:446,9999,0,-
BRDA:446,9999,1,-
BRDA:460,9999,0,-
BRDA:460,9999,1,-
BRDA:475,0,0,-
BRDA:475,0,1,-
BRDA:485,9999,0,-
BRDA:485,9999,1,-
BRDA:501,0,0,-
BRDA:501,0,1,-
BRDA:501,1,2,-
BRDA:501,1,3,-
BRDA:503,2,0,-
BRDA:503,2,1,-
BRDA:506,0,0,-
BRDA:506,0,1,-
BRDA:506,1,2,-
BRDA:506,1,3,-
BRDA:506,2,4,-
BRDA:506,2,5,-
BRDA:509,9999,0,-
BRDA:509,9999,1,-
BRDA:524,0,0,-
BRDA:524,0,1,-
BRDA:558,2,0,-
BRDA:558,2,1,-
BRDA:559,0,0,-
BRDA:559,0,1,-
BRDA:563,2,0,-
BRDA:563,2,1,-
BRDA:564,0,0,-
BRDA:564,0,1,-
BRF:96
BRH:0
DA:91,0
DA:94,0
DA:95,0
DA:103,0
DA:104,0
DA:107,0
DA:108,0
DA:109,0
DA:110,0
DA:111,0
DA:112,0
DA:115,0
DA:117,0
DA:121,0
DA:122,0
DA:124,0
DA:125,0
DA:127,0
DA:128,0
DA:137,0
DA:139,0
DA:145,0
DA:149,0
DA:151,0
DA:152,0
DA:153,0
DA:166,0
DA:187,0
DA:195,0
DA:196,0
DA:201,0
DA:207,0
DA:209,0
DA:213,0
DA:214,0
DA:215,0
DA:216,0
DA:219,0
DA:223,0
DA:230,0
DA:234,0
DA:237,0
DA:238,0
DA:239,0
DA:240,0
DA:241,0
DA:242,0
DA:243,0
DA:244,0
DA:249,0
DA:285,0
DA:287,0
DA:288,0
DA:290,0
DA:294,0
DA:296,0
DA:299,0
DA:300,0
DA:307,0
DA:309,0
DA:311,0
DA:312,0
DA:321,0
DA:323,0
DA:326,0
DA:327,0
DA:328,0
DA:329,0
DA:330,0
DA:331,0
DA:333,0
DA:334,0
DA:343,0
DA:345,0
DA:346,0
DA:347,0
DA:354,0
DA:356,0
DA:357,0
DA:358,0
DA:359,0
DA:361,0
DA:363,0
DA:368,0
DA:370,0
DA:373,0
DA:374,0
DA:386,0
DA:388,0
DA:390,0
DA:392,0
DA:405,0
DA:407,0
DA:409,0
DA:410,0
DA:411,0
DA:419,0
DA:421,0
DA:424,0
DA:425,0
DA:426,0
DA:427,0
DA:434,0
DA:436,0
DA:437,0
DA:439,0
DA:444,0
DA:446,0
DA:449,0
DA:450,0
DA:458,0
DA:460,0
DA:463,0
DA:464,0
DA:465,0
DA:466,0
DA:473,0
DA:475,0
DA:476,0
DA:478,0
DA:483,0
DA:485,0
DA:487,0
DA:488,0
DA:495,0
DA:497,0
DA:498,0
DA:499,0
DA:501,0
DA:503,0
DA:506,0
DA:507,0
DA:508,0
DA:509,0
DA:510,0
DA:511,0
DA:520,0
DA:524,0
DA:525,0
DA:527,0
DA:529,0
DA:533,0
DA:538,0
DA:539,0
DA:549,0
DA:553,0
DA:556,0
DA:558,0
DA:559,0
DA:560,0
DA:562,0
DA:563,0
DA:564,0
DA:565,0
DA:566,0
DA:574,0
DA:695,0
DA:699,0
DA:700,0
DA:702,0
LF:160
LH:0
end_of_record
SF:/home/user/contikiUT/contiki/core/net/ipv6/uip-icmp6.c
FN:80,input_handler_lookup
FN:98,uip_icmp6_input
FN:115,uip_icmp6_register_input_handler
FN:121,echo_request_input
FN:208,uip_icmp6_error_output
FN:295,uip_icmp6_send
FN:320,echo_reply_input
FN:393,uip_icmp6_echo_reply_callback_add
FN:403,uip_icmp6_echo_reply_callback_rm
FN:414,uip_icmp6_init
FNDA:0,input_handler_lookup
FNDA:0,uip_icmp6_input
FNDA:0,uip_icmp6_register_input_handler
FNDA:0,echo_request_input
FNDA:0,uip_icmp6_error_output
FNDA:0,uip_icmp6_send
FNDA:0,echo_reply_input
FNDA:0,uip_icmp6_echo_reply_callback_add
FNDA:0,uip_icmp6_echo_reply_callback_rm
FNDA:0,uip_icmp6_init
FNF:10
FNH:0
BRDA:84,2,2,-
BRDA:84,2,3,-
BRDA:87,0,0,-
BRDA:87,0,1,-
BRDA:87,1,2,-
BRDA:87,1,3,-
BRDA:87,2,4,-
BRDA:87,2,5,-
BRDA:102,9999,0,-
BRDA:102,9999,1,-
BRDA:106,0,0,-
BRDA:106,0,1,-
BRDA:140,0,0,-
BRDA:140,0,1,-
BRDA:149,0,0,-
BRDA:149,0,1,-
BRDA:151,0,1,-
BRDA:151,0,2,-
BRDA:154,0,0,-
BRDA:154,0,1,-
BRDA:211,0,0,-
BRDA:211,0,1,-
BRDA:212,0,0,-
BRDA:212,0,1,-
BRDA:212,1,2,-
BRDA:212,1,3,-
BRDA:217,0,0,-
BRDA:217,0,1,-
BRDA:217,1,2,-
BRDA:217,1,3,-
BRDA:234,9999,0,-
BRDA:234,9999,1,-
BRDA:243,0,0,-
BRDA:243,0,1,-
BRDA:252,0,0,-
BRDA:252,0,1,-
BRDA:252,1,2,-
BRDA:252,1,3,-
BRDA:252,2,4,-
BRDA:252,2,5,-
BRDA:252,3,6,-
BRDA:252,3,7,-
BRDA:252,4,8,-
BRDA:252,4,9,-
BRDA:252,5,10,-
BRDA:252,5,11,-
BRDA:252,6,12,-
BRDA:252,6,13,-
BRDA:252,7,14,-
BRDA:252,7,15,-
BRDA:259,0,0,-
BRDA:259,0,1,-
BRDA:260,0,0,-
BRDA:260,0,1,-
BRDA:331,0,0,-
BRDA:331,0,1,-
BRDA:333,0,1,-
BRDA:333,0,2,-
BRDA:336,0,0,-
BRDA:336,0,1,-
BRDA:377,2,2,-
BRDA:377,2,3,-
BRDA:380,0,0,-
BRDA:380,0,1,-
BRDA:396,0,0,-
BRDA:396,0,1,-
BRF:66
BRH:0
DA:80,0
DA:82,0
DA:84,0
DA:87,0
DA:98,0
DA:100,0
DA:102,0
DA:106,0
DA:110,0
DA:111,0
DA:115,0
DA:117,0
DA:118,0
DA:121,0
DA:138,0
DA:140,0
DA:141,0
DA:142,0
DA:144,0
DA:145,0
DA:146,0
DA:149,0
DA:151,0
DA:153,0
DA:154,0
DA:155,0
DA:156,0
DA:157,0
DA:163,0
DA:164,0
DA:165,0
DA:167,0
DA:171,0
DA:172,0
DA:173,0
DA:174,0
DA:181,0
DA:182,0
DA:183,0
DA:193,0
DA:194,0
DA:195,0
DA:196,0
DA:204,0
DA:208,0
DA:211,0
DA:212,0
DA:213,0
DA:214,0
DA:217,0
DA:218,0
DA:219,0
DA:224,0
DA:230,0
DA:232,0
DA:234,0
DA:235,0
DA:237,0
DA:238,0
DA:240,0
DA:241,0
DA:242,0
DA:243,0
DA:244,0
DA:246,0
DA:248,0
DA:252,0
DA:253,0
DA:254,0
DA:257,0
DA:259,0
DA:260,0
DA:261,0
DA:263,0
DA:264,0
DA:269,0
DA:275,0
DA:276,0
DA:277,0
DA:278,0
DA:279,0
DA:280,0
DA:281,0
DA:290,0
DA:295,0
DA:298,0
DA:299,0
DA:300,0
DA:301,0
DA:302,0
DA:303,0
DA:304,0
DA:307,0
DA:309,0
DA:310,0
DA:312,0
DA:313,0
DA:315,0
DA:316,0
DA:317,0
DA:320,0
DA:328,0
DA:329,0
DA:331,0
DA:333,0
DA:335,0
DA:336,0
DA:337,0
DA:338,0
DA:339,0
DA:346,0
DA:347,0
DA:348,0
DA:350,0
DA:351,0
DA:355,0
DA:356,0
DA:357,0
DA:358,0
DA:365,0
DA:366,0
DA:367,0
DA:377,0
DA:380,0
DA:382,0
DA:383,0
DA:388,0
DA:389,0
DA:393,0
DA:396,0
DA:397,0
DA:398,0
DA:400,0
DA:403,0
DA:405,0
DA:406,0
DA:414,0
DA:417,0
DA:418,0
DA:419,0
LF:140
LH:0
end_of_record
SF:/home/user/contikiUT/contiki/core/net/ipv6/uip-nd6.c
FN:131,create_llao
FN:144,ns_input
FN:327,uip_nd6_ns_output
FN:407,na_input
FN:1010,uip_nd6_init
FNDA:0,create_llao
FNDA:0,ns_input
FNDA:0,uip_nd6_ns_output
FNDA:0,na_input
FNDA:0,uip_nd6_init
FNF:5
FNH:0
BRDA:157,0,0,-
BRDA:157,0,1,-
BRDA:157,1,2,-
BRDA:157,1,3,-
BRDA:157,2,4,-
BRDA:157,2,5,-
BRDA:168,1,0,-
BRDA:168,1,1,-
BRDA:170,0,0,-
BRDA:170,0,1,-
BRDA:175,0,0,-
BRDA:175,0,1,-
BRDA:180,0,0,-
BRDA:180,0,1,-
BRDA:180,1,2,-
BRDA:180,1,3,-
BRDA:180,2,4,-
BRDA:180,2,5,-
BRDA:180,3,6,-
BRDA:180,3,7,-
BRDA:180,4,8,-
BRDA:180,4,9,-
BRDA:180,5,10,-
BRDA:180,5,11,-
BRDA:180,6,12,-
BRDA:180,6,13,-
BRDA:180,7,14,-
BRDA:180,7,15,-
BRDA:186,9999,0,-
BRDA:186,9999,1,-
BRDA:192,9999,0,-
BRDA:192,9999,1,-
BRDA:198,0,0,-
BRDA:198,0,1,-
BRDA:215,9999,0,-
BRDA:215,9999,1,-
BRDA:236,0,0,-
BRDA:236,0,1,-
BRDA:236,1,2,-
BRDA:236,1,3,-
BRDA:236,2,4,-
BRDA:236,2,5,-
BRDA:236,3,6,-
BRDA:236,3,7,-
BRDA:236,4,8,-
BRDA:236,4,9,-
BRDA:236,5,10,-
BRDA:236,5,11,-
BRDA:236,6,12,-
BRDA:236,6,13,-
BRDA:236,7,14,-
BRDA:236,7,15,-
BRDA:242,0,1,-
BRDA:242,0,2,-
BRDA:255,0,0,-
BRDA:255,0,1,-
BRDA:255,1,2,-
BRDA:255,1,3,-
BRDA:255,2,4,-
BRDA:255,2,5,-
BRDA:255,3,6,-
BRDA:255,3,7,-
BRDA:255,4,8,-
BRDA:255,4,9,-
BRDA:255,5,10,-
BRDA:255,5,11,-
BRDA:255,6,12,-
BRDA:255,6,13,-
BRDA:263,0,1,-
BRDA:263,0,2,-
BRDA:336,0,0,-
BRDA:336,0,1,-
BRDA:350,0,1,-
BRDA:350,0,2,-
BRDA:351,0,0,-
BRDA:351,0,1,-
BRDA:356,0,0,-
BRDA:356,0,1,-
BRDA:356,1,2,-
BRDA:356,1,3,-
BRDA:356,2,4,-
BRDA:356,2,5,-
BRDA:356,3,6,-
BRDA:356,3,7,-
BRDA:356,4,8,-
BRDA:356,4,9,-
BRDA:356,5,10,-
BRDA:356,5,11,-
BRDA:356,6,12,-
BRDA:356,6,13,-
BRDA:356,7,14,-
BRDA:356,7,15,-
BRDA:435,0,0,-
BRDA:435,0,1,-
BRDA:435,1,2,-
BRDA:435,1,3,-
BRDA:435,2,4,-
BRDA:435,2,5,-
BRDA:435,3,6,-
BRDA:435,3,7,-
BRDA:435,4,8,-
BRDA:435,4,9,-
BRDA:447,1,0,-
BRDA:447,1,1,-
BRDA:449,0,0,-
BRDA:449,0,1,-
BRDA:454,0,0,-
BRDA:454,0,1,-
BRDA:466,9999,0,-
BRDA:466,9999,1,-
BRDA:478,9999,0,-
BRDA:478,9999,1,-
BRDA:481,0,0,-
BRDA:481,0,1,-
BRDA:486,0,0,-
BRDA:486,0,1,-
BRDA:487,0,0,-
BRDA:487,0,1,-
BRDA:492,0,0,-
BRDA:492,0,1,-
BRDA:504,0,0,-
BRDA:504,0,1,-
BRDA:505,0,0,-
BRDA:505,0,1,-
BRDA:510,0,0,-
BRDA:510,0,1,-
BRDA:510,1,2,-
BRDA:510,1,3,-
BRDA:510,2,4,-
BRDA:510,2,5,-
BRDA:512,0,0,-
BRDA:512,0,1,-
BRDA:516,0,0,-
BRDA:516,0,1,-
BRDA:521,0,0,-
BRDA:521,0,1,-
BRDA:527,0,0,-
BRDA:527,0,1,-
BRDA:529,9999,0,-
BRDA:529,9999,1,-
BRDA:544,0,1,-
BRDA:544,0,2,-
BRF:142
BRH:0
DA:131,0
DA:132,0
DA:133,0
DA:134,0
DA:136,0
DA:138,0
DA:144,0
DA:157,0
DA:158,0
DA:159,0
DA:166,0
DA:167,0
DA:168,0
DA:170,0
DA:175,0
DA:177,0
DA:180,0
DA:185,0
DA:186,0
DA:189,0
DA:191,0
DA:192,0
DA:193,0
DA:195,0
DA:196,0
DA:198,0
DA:199,0
DA:211,0
DA:214,0
DA:215,0
DA:236,0
DA:242,0
DA:255,0
DA:256,0
DA:257,0
DA:258,0
DA:259,0
DA:263,0
DA:264,0
DA:265,0
DA:266,0
DA:267,0
DA:282,0
DA:284,0
DA:285,0
DA:286,0
DA:287,0
DA:288,0
DA:289,0
DA:290,0
DA:291,0
DA:293,0
DA:294,0
DA:296,0
DA:297,0
DA:299,0
DA:300,0
DA:302,0
DA:303,0
DA:306,0
DA:316,0
DA:319,0
DA:320,0
DA:327,0
DA:329,0
DA:330,0
DA:331,0
DA:332,0
DA:333,0
DA:334,0
DA:336,0
DA:337,0
DA:339,0
DA:341,0
DA:342,0
DA:343,0
DA:344,0
DA:345,0
DA:350,0
DA:351,0
DA:352,0
DA:354,0
DA:356,0
DA:358,0
DA:359,0
DA:362,0
DA:364,0
DA:365,0
DA:368,0
DA:370,0
DA:371,0
DA:372,0
DA:375,0
DA:376,0
DA:386,0
DA:407,0
DA:427,0
DA:428,0
DA:430,0
DA:432,0
DA:435,0
DA:436,0
DA:437,0
DA:438,0
DA:445,0
DA:446,0
DA:447,0
DA:449,0
DA:454,0
DA:456,0
DA:457,0
DA:462,0
DA:464,0
DA:466,0
DA:476,0
DA:477,0
DA:478,0
DA:481,0
DA:484,0
DA:486,0
DA:487,0
DA:491,0
DA:492,0
DA:493,0
DA:494,0
DA:497,0
DA:500,0
DA:502,0
DA:504,0
DA:505,0
DA:506,0
DA:510,0
DA:512,0
DA:514,0
DA:516,0
DA:517,0
DA:519,0
DA:521,0
DA:522,0
DA:527,0
DA:528,0
DA:529,0
DA:530,0
DA:533,0
DA:544,0
DA:545,0
DA:546,0
DA:547,0
DA:548,0
DA:554,0
DA:555,0
DA:1010,0
DA:1015,0
DA:1022,0
DA:1035,0
LF:155
LH:0
end_of_record
SF:/home/user/contikiUT/contiki/core/net/ipv6/uip6.c
FN:273,uip_add32
FN:304,chksum
FN:335,uip_chksum
FN:353,upper_layer_chksum
FN:386,uip_icmp6chksum
FN:394,uip_tcpchksum
FN:402,uip_udpchksum
FN:410,uip_init
FN:443,uip_connect
FN:513,remove_ext_hdr
FN:539,uip_udp_new
FN:584,uip_unlisten
FN:595,uip_listen
FN:824,uip_add_rcv_nxt
FN:839,ext_hdr_options_process
FN:920,uip_process
FN:2301,uip_htons
FN:2307,uip_htonl
FN:2313,uip_send
FNDA:0,uip_add32
FNDA:0,chksum
FNDA:0,uip_chksum
FNDA:0,upper_layer_chksum
FNDA:0,uip_icmp6chksum
FNDA:0,uip_tcpchksum
FNDA:0,uip_udpchksum
FNDA:0,uip_init
FNDA:0,uip_connect
FNDA:0,remove_ext_hdr
FNDA:0,uip_udp_new
FNDA:0,uip_unlisten
FNDA:0,uip_listen
FNDA:0,uip_add_rcv_nxt
FNDA:0,ext_hdr_options_process
FNDA:0,uip_process
FNDA:0,uip_htons
FNDA:0,uip_htonl
FNDA:0,uip_send
FNF:19
FNH:0
BRDA:280,0,0,-
BRDA:280,0,1,-
BRDA:282,0,0,-
BRDA:282,0,1,-
BRDA:288,0,0,-
BRDA:288,0,1,-
BRDA:290,0,0,-
BRDA:290,0,1,-
BRDA:292,0,0,-
BRDA:292,0,1,-
BRDA:313,1,0,-
BRDA:313,1,1,-
BRDA:316,0,0,-
BRDA:316,0,1,-
BRDA:322,0,0,-
BRDA:322,0,1,-
BRDA:325,0,0,-
BRDA:325,0,1,-
BRDA:382,9999,0,-
BRDA:382,9999,1,-
BRDA:418,1,0,-
BRDA:418,1,1,-
BRDA:421,2,0,-
BRDA:421,2,1,-
BRDA:431,2,0,-
BRDA:431,2,1,-
BRDA:451,0,0,-
BRDA:451,0,1,-
BRDA:457,2,0,-
BRDA:457,2,1,-
BRDA:459,0,0,-
BRDA:459,0,1,-
BRDA:459,0,2,-
BRDA:459,0,3,-
BRDA:459,2,4,-
BRDA:459,2,5,-
BRDA:466,2,0,-
BRDA:466,2,1,-
BRDA:468,0,0,-
BRDA:468,0,1,-
BRDA:472,0,0,-
BRDA:472,0,1,-
BRDA:473,0,0,-
BRDA:473,0,1,-
BRDA:473,1,2,-
BRDA:473,1,3,-
BRDA:480,0,0,-
BRDA:480,0,1,-
BRDA:516,0,0,-
BRDA:516,0,1,-
BRDA:519,0,0,-
BRDA:519,0,1,-
BRDA:547,0,0,-
BRDA:547,0,1,-
BRDA:551,2,0,-
BRDA:551,2,1,-
BRDA:552,0,1,-
BRDA:552,0,2,-
BRDA:558,2,0,-
BRDA:558,2,1,-
BRDA:559,0,0,-
BRDA:559,0,1,-
BRDA:565,0,0,-
BRDA:565,0,1,-
BRDA:571,0,0,-
BRDA:571,0,1,-
BRDA:586,2,0,-
BRDA:586,2,1,-
BRDA:587,0,0,-
BRDA:587,0,1,-
BRDA:597,2,0,-
BRDA:597,2,1,-
BRDA:598,0,0,-
BRDA:598,0,1,-
BRDA:847,1,0,-
BRDA:847,1,1,-
BRDA:848,0,0,-
BRDA:848,0,1,-
BRDA:848,0,2,-
BRDA:848,0,3,-
BRDA:873,0,1,-
BRDA:873,0,2,-
BRDA:895,0,0,-
BRDA:895,0,1,-
BRDA:895,0,2,-
BRDA:895,0,3,-
BRDA:901,0,0,-
BRDA:901,0,1,-
BRDA:926,0,0,-
BRDA:926,0,1,-
BRDA:934,0,0,-
BRDA:934,0,1,-
BRDA:936,0,0,-
BRDA:936,0,1,-
BRDA:936,1,2,-
BRDA:936,1,3,-
BRDA:942,0,0,-
BRDA:942,0,1,-
BRDA:951,0,0,-
BRDA:951,0,1,-
BRDA:958,0,0,-
BRDA:958,0,1,-
BRDA:959,0,0,-
BRDA:959,0,1,-
BRDA:960,0,0,-
BRDA:960,0,1,-
BRDA:972,0,0,-
BRDA:972,0,1,-
BRDA:975,0,0,-
BRDA:975,0,1,-
BRDA:978,0,0,-
BRDA:978,0,1,-
BRDA:984,0,0,-
BRDA:984,0,1,-
BRDA:985,0,0,-
BRDA:985,0,1,-
BRDA:986,0,0,-
BRDA:986,0,1,-
BRDA:986,1,2,-
BRDA:986,1,3,-
BRDA:986,2,4,-
BRDA:986,2,5,-
BRDA:1008,0,0,-
BRDA:1008,0,1,-
BRDA:1020,0,0,-
BRDA:1020,0,1,-
BRDA:1020,0,2,-
BRDA:1020,0,3,-
BRDA:1020,0,4,-
BRDA:1050,0,0,-
BRDA:1050,0,1,-
BRDA:1064,0,0,-
BRDA:1064,0,1,-
BRDA:1065,0,0,-
BRDA:1065,0,1,-
BRDA:1085,0,0,-
BRDA:1085,0,1,-
BRDA:1100,0,0,-
BRDA:1100,0,1,-
BRDA:1124,0,0,-
BRDA:1124,0,1,-
BRDA:1139,0,0,-
BRDA:1139,0,1,-
BRDA:1143,0,1,-
BRDA:1143,0,2,-
BRDA:1143,0,3,-
BRDA:1143,0,4,-
BRDA:1185,0,1,-
BRDA:1185,0,2,-
BRDA:1185,0,3,-
BRDA:1185,0,4,-
BRDA:1185,2,5,-
BRDA:1185,2,6,-
BRDA:1187,0,0,-
BRDA:1187,0,1,-
BRDA:1187,1,2,-
BRDA:1187,1,3,-
BRDA:1187,2,4,-
BRDA:1187,2,5,-
BRDA:1187,3,6,-
BRDA:1187,3,7,-
BRDA:1187,4,8,-
BRDA:1187,4,9,-
BRDA:1190,0,0,-
BRDA:1190,0,1,-
BRDA:1190,1,2,-
BRDA:1190,1,3,-
BRDA:1190,2,4,-
BRDA:1190,2,5,-
BRDA:1190,3,6,-
BRDA:1190,3,7,-
BRDA:1190,4,8,-
BRDA:1190,4,9,-
BRDA:1190,5,10,-
BRDA:1190,5,11,-
BRDA:1190,6,12,-
BRDA:1190,6,13,-
BRDA:1191,0,0,-
BRDA:1191,0,1,-
BRDA:1191,1,2,-
BRDA:1191,1,3,-
BRDA:1191,2,4,-
BRDA:1191,2,5,-
BRDA:1191,3,6,-
BRDA:1191,3,7,-
BRDA:1191,4,8,-
BRDA:1191,4,9,-
BRDA:1191,5,10,-
BRDA:1191,5,11,-
BRDA:1191,6,12,-
BRDA:1191,6,13,-
BRDA:1195,0,0,-
BRDA:1195,0,1,-
BRDA:1201,0,0,-
BRDA:1201,0,1,-
BRDA:1209,0,1,-
BRDA:1209,0,2,-
BRDA:1223,0,0,-
BRDA:1223,0,1,-
BRDA:1223,1,2,-
BRDA:1223,1,3,-
BRDA:1223,2,4,-
BRDA:1223,2,5,-
BRDA:1223,3,6,-
BRDA:1223,3,7,-
BRDA:1223,3,8,-
BRDA:1223,3,9,-
BRDA:1223,5,10,-
BRDA:1223,5,11,-
BRDA:1224,0,0,-
BRDA:1224,0,1,-
BRDA:1224,1,2,-
BRDA:1224,1,3,-
BRDA:1224,2,4,-
BRDA:1224,2,5,-
BRDA:1224,3,6,-
BRDA:1224,3,7,-
BRDA:1224,4,8,-
BRDA:1224,4,9,-
BRDA:1224,5,10,-
BRDA:1224,5,11,-
BRDA:1224,6,12,-
BRDA:1224,6,13,-
BRDA:1225,0,0,-
BRDA:1225,0,1,-
BRDA:1225,1,2,-
BRDA:1225,1,3,-
BRDA:1225,2,4,-
BRDA:1225,2,5,-
BRDA:1225,3,6,-
BRDA:1225,3,7,-
BRDA:1225,4,8,-
BRDA:1225,4,9,-
BRDA:1225,5,10,-
BRDA:1225,5,11,-
BRDA:1225,6,12,-
BRDA:1225,6,13,-
BRDA:1261,0,0,-
BRDA:1261,0,1,-
BRDA:1261,0,2,-
BRDA:1261,0,3,-
BRDA:1261,0,4,-
BRDA:1261,0,5,-
BRDA:1261,0,6,-
BRDA:1261,0,7,-
BRDA:1280,0,0,-
BRDA:1280,0,1,-
BRDA:1286,0,1,-
BRDA:1286,0,2,-
BRDA:1286,0,3,-
BRDA:1286,0,4,-
BRDA:1305,0,0,-
BRDA:1305,0,1,-
BRDA:1306,0,0,-
BRDA:1306,0,1,-
BRDA:1315,0,1,-
BRDA:1315,0,2,-
BRDA:1315,0,3,-
BRDA:1315,0,4,-
BRDA:1333,0,0,-
BRDA:1333,0,1,-
BRDA:1348,0,0,-
BRDA:1348,0,1,-
BRDA:1406,0,1,-
BRDA:1406,0,2,-
BRDA:1433,9999,0,-
BRDA:1433,9999,1,-
BRDA:1442,0,0,-
BRDA:1442,0,1,-
BRDA:1470,9999,0,-
BRDA:1470,9999,1,-
BRDA:1470,0,3,-
BRDA:1470,0,4,-
BRDA:1470,2,5,-
BRDA:1470,2,6,-
BRDA:1482,0,0,-
BRDA:1482,0,1,-
BRDA:1488,2,0,-
BRDA:1488,2,1,-
BRDA:1498,0,0,-
BRDA:1498,0,1,-
BRDA:1498,1,2,-
BRDA:1498,1,3,-
BRDA:1498,2,4,-
BRDA:1498,2,5,-
BRDA:1498,3,6,-
BRDA:1498,3,7,-
BRDA:1498,4,8,-
BRDA:1498,4,9,-
BRDA:1498,5,10,-
BRDA:1498,5,11,-
BRDA:1498,6,12,-
BRDA:1498,6,13,-
BRDA:1498,7,14,-
BRDA:1498,7,15,-
BRDA:1498,8,16,-
BRDA:1498,8,17,-
BRDA:1530,0,0,-
BRDA:1530,0,1,-
BRDA:1557,9999,0,-
BRDA:1557,9999,1,-
BRDA:1580,9999,1,-
BRDA:1580,9999,2,-
BRDA:1590,0,0,-
BRDA:1590,0,1,-
BRDA:1590,1,2,-
BRDA:1590,1,3,-
BRDA:1597,1,0,-
BRDA:1597,1,1,-
BRDA:1599,0,0,-
BRDA:1599,0,1,-
BRDA:1599,1,2,-
BRDA:1599,1,3,-
BRDA:1599,2,4,-
BRDA:1599,2,5,-
BRDA:1599,3,6,-
BRDA:1599,3,7,-
BRDA:1611,0,0,-
BRDA:1611,0,1,-
BRDA:1617,2,0,-
BRDA:1617,2,1,-
BRDA:1618,0,0,-
BRDA:1618,0,1,-
BRDA:1629,0,0,-
BRDA:1629,0,1,-
BRDA:1659,0,0,-
BRDA:1659,0,1,-
BRDA:1660,0,0,-
BRDA:1660,0,1,-
BRDA:1661,0,0,-
BRDA:1661,0,1,-
BRDA:1690,2,0,-
BRDA:1690,2,1,-
BRDA:1691,0,0,-
BRDA:1691,0,1,-
BRDA:1695,0,0,-
BRDA:1695,0,1,-
BRDA:1696,0,0,-
BRDA:1696,0,1,-
BRDA:1696,1,2,-
BRDA:1696,1,3,-
BRDA:1703,0,0,-
BRDA:1703,0,1,-
BRDA:1737,9999,0,-
BRDA:1737,9999,1,-
BRDA:1738,1,0,-
BRDA:1738,1,1,-
BRDA:1740,0,0,-
BRDA:1740,0,1,-
BRDA:1743,0,0,-
BRDA:1743,0,1,-
BRDA:1746,0,0,-
BRDA:1746,0,1,-
BRDA:1746,1,2,-
BRDA:1746,1,3,-
BRDA:1759,0,0,-
BRDA:1759,0,1,-
BRDA:1800,0,0,-
BRDA:1800,0,1,-
BRDA:1820,0,0,-
BRDA:1820,0,1,-
BRDA:1823,0,0,-
BRDA:1823,0,1,-
BRDA:1823,1,2,-
BRDA:1823,1,3,-
BRDA:1823,2,4,-
BRDA:1823,2,5,-
BRDA:1824,0,0,-
BRDA:1824,0,1,-
BRDA:1824,1,2,-
BRDA:1824,1,3,-
BRDA:1824,2,4,-
BRDA:1824,2,5,-
BRDA:1824,3,6,-
BRDA:1824,3,7,-
BRDA:1830,0,0,-
BRDA:1830,0,1,-
BRDA:1831,0,0,-
BRDA:1831,0,1,-
BRDA:1833,0,0,-
BRDA:1833,0,1,-
BRDA:1845,0,0,-
BRDA:1845,0,1,-
BRDA:1845,1,2,-
BRDA:1845,1,3,-
BRDA:1848,9999,0,-
BRDA:1848,9999,1,-
BRDA:1848,0,2,-
BRDA:1848,0,3,-
BRDA:1848,1,4,-
BRDA:1848,1,5,-
BRDA:1848,2,6,-
BRDA:1848,2,7,-
BRDA:1859,0,0,-
BRDA:1859,0,1,-
BRDA:1865,0,0,-
BRDA:1865,0,1,-
BRDA:1885,0,0,-
BRDA:1885,0,1,-
BRDA:1885,0,2,-
BRDA:1885,0,3,-
BRDA:1885,0,4,-
BRDA:1885,0,5,-
BRDA:1885,0,6,-
BRDA:1885,0,7,-
BRDA:1885,0,8,-
BRDA:1895,0,0,-
BRDA:1895,0,1,-
BRDA:1899,0,0,-
BRDA:1899,0,1,-
BRDA:1908,0,0,-
BRDA:1908,0,1,-
BRDA:1918,0,0,-
BRDA:1918,0,1,-
BRDA:1918,1,2,-
BRDA:1918,1,3,-
BRDA:1922,0,0,-
BRDA:1922,0,1,-
BRDA:1923,1,0,-
BRDA:1923,1,1,-
BRDA:1925,0,0,-
BRDA:1925,0,1,-
BRDA:1928,0,0,-
BRDA:1928,0,1,-
BRDA:1931,0,0,-
BRDA:1931,0,1,-
BRDA:1931,1,2,-
BRDA:1931,1,3,-
BRDA:1944,0,0,-
BRDA:1944,0,1,-
BRDA:1986,0,0,-
BRDA:1986,0,1,-
BRDA:1986,1,2,-
BRDA:1986,1,3,-
BRDA:1987,0,0,-
BRDA:1987,0,1,-
BRDA:1992,9999,0,-
BRDA:1992,9999,1,-
BRDA:2006,0,0,-
BRDA:2006,0,1,-
BRDA:2030,0,0,-
BRDA:2030,0,1,-
BRDA:2030,1,2,-
BRDA:2030,1,3,-
BRDA:2048,0,0,-
BRDA:2048,0,1,-
BRDA:2048,1,2,-
BRDA:2048,1,3,-
BRDA:2070,0,0,-
BRDA:2070,0,1,-
BRDA:2076,0,0,-
BRDA:2076,0,1,-
BRDA:2083,0,0,-
BRDA:2083,0,1,-
BRDA:2093,0,0,-
BRDA:2093,0,1,-
BRDA:2097,0,0,-
BRDA:2097,0,1,-
BRDA:2104,0,0,-
BRDA:2104,0,1,-
BRDA:2109,0,0,-
BRDA:2109,0,1,-
BRDA:2130,0,0,-
BRDA:2130,0,1,-
BRDA:2130,1,2,-
BRDA:2130,1,3,-
BRDA:2140,0,0,-
BRDA:2140,0,1,-
BRDA:2150,0,0,-
BRDA:2150,0,1,-
BRDA:2161,0,0,-
BRDA:2161,0,1,-
BRDA:2164,0,0,-
BRDA:2164,0,1,-
BRDA:2165,0,0,-
BRDA:2165,0,1,-
BRDA:2176,0,0,-
BRDA:2176,0,1,-
BRDA:2181,0,0,-
BRDA:2181,0,1,-
BRDA:2187,0,0,-
BRDA:2187,0,1,-
BRDA:2190,0,0,-
BRDA:2190,0,1,-
BRDA:2198,0,0,-
BRDA:2198,0,1,-
BRDA:2207,0,0,-
BRDA:2207,0,1,-
BRDA:2253,9999,0,-
BRDA:2253,9999,1,-
BRDA:2318,0,0,-
BRDA:2318,0,1,-
BRDA:2325,0,0,-
BRDA:2325,0,1,-
BRDA:2327,0,0,-
BRDA:2327,0,1,-
BRDA:2328,0,0,-
BRDA:2328,0,1,-
BRF:498
BRH:0
DA:273,0
DA:275,0
DA:276,0
DA:277,0
DA:278,0
DA:280,0
DA:281,0
DA:282,0
DA:283,0
DA:288,0
DA:289,0
DA:290,0
DA:291,0
DA:292,0
DA:293,0
DA:297,0
DA:304,0
DA:310,0
DA:311,0
DA:313,0
DA:314,0
DA:315,0
DA:316,0
DA:317,0
DA:319,0
DA:322,0
DA:323,0
DA:324,0
DA:325,0
DA:326,0
DA:331,0
DA:335,0
DA:337,0
DA:353,0
DA:367,0
DA:374,0
DA:376,0
DA:379,0
DA:380,0
DA:382,0
DA:386,0
DA:388,0
DA:394,0
DA:396,0
DA:402,0
DA:404,0
DA:410,0
DA:413,0
DA:414,0
DA:415,0
DA:418,0
DA:419,0
DA:421,0
DA:422,0
DA:427,0
DA:431,0
DA:432,0
DA:439,0
DA:443,0
DA:449,0
DA:451,0
DA:452,0
DA:457,0
DA:458,0
DA:459,0
DA:460,0
DA:465,0
DA:466,0
DA:467,0
DA:468,0
DA:472,0
DA:473,0
DA:475,0
DA:480,0
DA:484,0
DA:486,0
DA:487,0
DA:488,0
DA:489,0
DA:491,0
DA:492,0
DA:493,0
DA:494,0
DA:496,0
DA:498,0
DA:499,0
DA:500,0
DA:501,0
DA:502,0
DA:503,0
DA:504,0
DA:505,0
DA:506,0
DA:508,0
DA:513,0
DA:516,0
DA:519,0
DA:521,0
DA:522,0
DA:523,0
DA:525,0
DA:526,0
DA:528,0
DA:531,0
DA:532,0
DA:533,0
DA:539,0
DA:545,0
DA:547,0
DA:548,0
DA:551,0
DA:552,0
DA:557,0
DA:558,0
DA:559,0
DA:560,0
DA:561,0
DA:565,0
DA:569,0
DA:570,0
DA:571,0
DA:572,0
DA:574,0
DA:576,0
DA:578,0
DA:584,0
DA:586,0
DA:587,0
DA:588,0
DA:589,0
DA:595,0
DA:597,0
DA:598,0
DA:599,0
DA:600,0
DA:824,0
DA:826,0
DA:827,0
DA:828,0
DA:829,0
DA:830,0
DA:831,0
DA:839,0
DA:846,0
DA:847,0
DA:848,0
DA:856,0
DA:857,0
DA:860,0
DA:861,0
DA:873,0
DA:878,0
DA:879,0
DA:895,0
DA:901,0
DA:906,0
DA:907,0
DA:910,0
DA:911,0
DA:920,0
DA:923,0
DA:926,0
DA:930,0
DA:934,0
DA:936,0
DA:937,0
DA:938,0
DA:939,0
DA:940,0
DA:942,0
DA:944,0
DA:945,0
DA:951,0
DA:954,0
DA:955,0
DA:958,0
DA:959,0
DA:960,0
DA:961,0
DA:972,0
DA:974,0
DA:975,0
DA:976,0
DA:978,0
DA:984,0
DA:985,0
DA:986,0
DA:990,0
DA:997,0
DA:998,0
DA:1001,0
DA:1002,0
DA:1008,0
DA:1009,0
DA:1020,0
DA:1028,0
DA:1029,0
DA:1039,0
DA:1040,0
DA:1041,0
DA:1050,0
DA:1055,0
DA:1056,0
DA:1057,0
DA:1064,0
DA:1065,0
DA:1066,0
DA:1067,0
DA:1068,0
DA:1069,0
DA:1070,0
DA:1071,0
DA:1085,0
DA:1100,0
DA:1101,0
DA:1124,0
DA:1136,0
DA:1137,0
DA:1138,0
DA:1139,0
DA:1141,0
DA:1143,0
DA:1146,0
DA:1147,0
DA:1148,0
DA:1185,0
DA:1186,0
DA:1187,0
DA:1188,0
DA:1189,0
DA:1190,0
DA:1191,0
DA:1195,0
DA:1196,0
DA:1198,0
DA:1201,0
DA:1203,0
DA:1205,0
DA:1209,0
DA:1216,0
DA:1221,0
DA:1223,0
DA:1224,0
DA:1225,0
DA:1226,0
DA:1227,0
DA:1230,0
DA:1231,0
DA:1261,0
DA:1280,0
DA:1283,0
DA:1286,0
DA:1289,0
DA:1290,0
DA:1291,0
DA:1305,0
DA:1306,0
DA:1309,0
DA:1312,0
DA:1315,0
DA:1318,0
DA:1319,0
DA:1320,0
DA:1333,0
DA:1336,0
DA:1348,0
DA:1349,0
DA:1352,0
DA:1354,0
DA:1355,0
DA:1356,0
DA:1393,0
DA:1397,0
DA:1406,0
DA:1426,0
DA:1433,0
DA:1434,0
DA:1439,0
DA:1442,0
DA:1454,0
DA:1463,0
DA:1464,0
DA:1470,0
DA:1482,0
DA:1488,0
DA:1498,0
DA:1503,0
DA:1521,0
DA:1522,0
DA:1523,0
DA:1524,0
DA:1525,0
DA:1530,0
DA:1533,0
DA:1537,0
DA:1538,0
DA:1540,0
DA:1541,0
DA:1543,0
DA:1544,0
DA:1546,0
DA:1547,0
DA:1549,0
DA:1550,0
DA:1552,0
DA:1556,0
DA:1557,0
DA:1558,0
DA:1563,0
DA:1567,0
DA:1574,0
DA:1580,0
DA:1590,0
DA:1597,0
DA:1599,0
DA:1602,0
DA:1611,0
DA:1615,0
DA:1617,0
DA:1618,0
DA:1629,0
DA:1635,0
DA:1636,0
DA:1637,0
DA:1640,0
DA:1641,0
DA:1642,0
DA:1644,0
DA:1645,0
DA:1646,0
DA:1648,0
DA:1649,0
DA:1650,0
DA:1652,0
DA:1653,0
DA:1654,0
DA:1659,0
DA:1660,0
DA:1661,0
DA:1662,0
DA:1668,0
DA:1669,0
DA:1670,0
DA:1673,0
DA:1674,0
DA:1676,0
DA:1689,0
DA:1690,0
DA:1691,0
DA:1692,0
DA:1693,0
DA:1695,0
DA:1696,0
DA:1698,0
DA:1703,0
DA:1711,0
DA:1714,0
DA:1715,0
DA:1716,0
DA:1717,0
DA:1718,0
DA:1719,0
DA:1720,0
DA:1721,0
DA:1723,0
DA:1724,0
DA:1725,0
DA:1726,0
DA:1727,0
DA:1730,0
DA:1731,0
DA:1732,0
DA:1733,0
DA:1734,0
DA:1737,0
DA:1738,0
DA:1739,0
DA:1740,0
DA:1743,0
DA:1744,0
DA:1746,0
DA:1747,0
DA:1749,0
DA:1750,0
DA:1752,0
DA:1755,0
DA:1759,0
DA:1764,0
DA:1772,0
DA:1775,0
DA:1783,0
DA:1784,0
DA:1785,0
DA:1786,0
DA:1787,0
DA:1788,0
DA:1789,0
DA:1794,0
DA:1795,0
DA:1800,0
DA:1801,0
DA:1803,0
DA:1804,0
DA:1805,0
DA:1809,0
DA:1813,0
DA:1820,0
DA:1823,0
DA:1824,0
DA:1830,0
DA:1831,0
DA:1833,0
DA:1845,0
DA:1846,0
DA:1848,0
DA:1849,0
DA:1850,0
DA:1851,0
DA:1853,0
DA:1854,0
DA:1855,0
DA:1856,0
DA:1859,0
DA:1861,0
DA:1863,0
DA:1864,0
DA:1865,0
DA:1866,0
DA:1868,0
DA:1869,0
DA:1870,0
DA:1874,0
DA:1876,0
DA:1879,0
DA:1885,0
DA:1895,0
DA:1896,0
DA:1897,0
DA:1898,0
DA:1899,0
DA:1900,0
DA:1901,0
DA:1903,0
DA:1904,0
DA:1905,0
DA:1908,0
DA:1918,0
DA:1922,0
DA:1923,0
DA:1924,0
DA:1925,0
DA:1928,0
DA:1929,0
DA:1931,0
DA:1932,0
DA:1934,0
DA:1935,0
DA:1937,0
DA:1940,0
DA:1944,0
DA:1949,0
DA:1953,0
DA:1954,0
DA:1955,0
DA:1956,0
DA:1957,0
DA:1958,0
DA:1959,0
DA:1960,0
DA:1961,0
DA:1962,0
DA:1963,0
DA:1964,0
DA:1967,0
DA:1968,0
DA:1970,0
DA:1971,0
DA:1986,0
DA:1987,0
DA:1990,0
DA:1991,0
DA:1992,0
DA:1993,0
DA:1995,0
DA:1996,0
DA:1997,0
DA:1998,0
DA:2000,0
DA:2001,0
DA:2006,0
DA:2020,0
DA:2021,0
DA:2030,0
DA:2031,0
DA:2032,0
DA:2047,0
DA:2048,0
DA:2050,0
DA:2052,0
DA:2070,0
DA:2071,0
DA:2072,0
DA:2076,0
DA:2077,0
DA:2078,0
DA:2079,0
DA:2080,0
DA:2083,0
DA:2084,0
DA:2085,0
DA:2086,0
DA:2087,0
DA:2088,0
DA:2089,0
DA:2093,0
DA:2097,0
DA:2098,0
DA:2104,0
DA:2109,0
DA:2110,0
DA:2115,0
DA:2121,0
DA:2124,0
DA:2126,0
DA:2130,0
DA:2132,0
DA:2134,0
DA:2136,0
DA:2140,0
DA:2141,0
DA:2142,0
DA:2143,0
DA:2150,0
DA:2151,0
DA:2152,0
DA:2153,0
DA:2161,0
DA:2162,0
DA:2164,0
DA:2165,0
DA:2166,0
DA:2167,0
DA:2168,0
DA:2170,0
DA:2172,0
DA:2173,0
DA:2174,0
DA:2175,0
DA:2176,0
DA:2177,0
DA:2178,0
DA:2179,0
DA:2181,0
DA:2187,0
DA:2188,0
DA:2190,0
DA:2191,0
DA:2192,0
DA:2193,0
DA:2194,0
DA:2195,0
DA:2196,0
DA:2198,0
DA:2207,0
DA:2208,0
DA:2209,0
DA:2217,0
DA:2220,0
DA:2223,0
DA:2232,0
DA:2233,0
DA:2234,0
DA:2235,0
DA:2237,0
DA:2238,0
DA:2239,0
DA:2240,0
DA:2242,0
DA:2243,0
DA:2245,0
DA:2246,0
DA:2253,0
DA:2256,0
DA:2258,0
DA:2259,0
DA:2263,0
DA:2265,0
DA:2266,0
DA:2267,0
DA:2269,0
DA:2272,0
DA:2273,0
DA:2280,0
DA:2281,0
DA:2282,0
DA:2289,0
DA:2290,0
DA:2293,0
DA:2294,0
DA:2295,0
DA:2296,0
DA:2297,0
DA:2301,0
DA:2303,0
DA:2307,0
DA:2309,0
DA:2313,0
DA:2318,0
DA:2321,0
DA:2323,0
DA:2325,0
DA:2326,0
DA:2327,0
DA:2328,0
DA:2330,0
DA:2332,0
DA:2336,0
LF:617
LH:0
end_of_record
SF:/home/user/contikiUT/contiki/core/net/linkaddr.c
FN:60,linkaddr_copy
FN:66,linkaddr_cmp
FN:72,linkaddr_set_node_addr
FNDA:0,linkaddr_copy
FNDA:0,linkaddr_cmp
FNDA:0,linkaddr_set_node_addr
FNF:3
FNH:0
DA:60,0
DA:63,0
DA:66,0
DA:68,0
DA:72,0
DA:74,0
DA:75,0
LF:7
LH:0
end_of_record
SF:/home/user/contikiUT/contiki/core/net/nbr-table.c
FN:68,key_from_index
FN:75,item_from_index
FN:82,index_from_key
FN:89,index_from_item
FN:96,item_from_key
FN:103,key_from_item
FN:110,index_from_lladdr
FN:130,nbr_get_bit
FN:143,nbr_set_bit
FN:160,nbr_table_allocate
FN:230,nbr_table_register
FN:245,nbr_table_head
FN:259,nbr_table_next
FN:272,nbr_table_add_lladdr
FN:315,nbr_table_get_from_lladdr
FN:323,nbr_table_remove
FN:332,nbr_table_lock
FN:339,nbr_table_unlock
FN:346,nbr_table_get_lladdr
FNDA:0,key_from_index
FNDA:0,item_from_index
FNDA:0,index_from_key
FNDA:0,index_from_item
FNDA:0,item_from_key
FNDA:0,key_from_item
FNDA:0,index_from_lladdr
FNDA:0,nbr_get_bit
FNDA:0,nbr_set_bit
FNDA:0,nbr_table_allocate
FNDA:0,nbr_table_register
FNDA:0,nbr_table_head
FNDA:0,nbr_table_next
FNDA:0,nbr_table_add_lladdr
FNDA:0,nbr_table_get_from_lladdr
FNDA:0,nbr_table_remove
FNDA:0,nbr_table_lock
FNDA:0,nbr_table_unlock
FNDA:0,nbr_table_get_lladdr
FNF:19
FNH:0
BRDA:70,0,0,-
BRDA:70,0,1,-
BRDA:77,0,0,-
BRDA:77,0,1,-
BRDA:84,0,0,-
BRDA:84,0,1,-
BRDA:91,0,0,-
BRDA:91,0,1,-
BRDA:115,0,0,-
BRDA:115,0,1,-
BRDA:119,0,0,-
BRDA:119,0,1,-
BRDA:120,0,0,-
BRDA:120,0,1,-
BRDA:120,1,3,-
BRDA:120,1,4,-
BRDA:120,3,5,-
BRDA:120,3,6,-
BRDA:133,9999,0,-
BRDA:133,9999,1,-
BRDA:146,9999,0,-
BRDA:146,9999,1,-
BRDA:147,0,0,-
BRDA:147,0,1,-
BRDA:167,9999,0,-
BRDA:167,9999,1,-
BRDA:177,0,0,-
BRDA:177,0,1,-
BRDA:181,9999,0,-
BRDA:181,9999,1,-
BRDA:185,1,0,-
BRDA:185,1,1,-
BRDA:186,0,0,-
BRDA:186,0,1,-
BRDA:192,0,0,-
BRDA:192,0,1,-
BRDA:195,0,0,-
BRDA:195,0,1,-
BRDA:202,0,0,-
BRDA:202,0,1,-
BRDA:208,1,0,-
BRDA:208,1,1,-
BRDA:209,0,0,-
BRDA:209,0,1,-
BRDA:209,1,2,-
BRDA:209,1,3,-
BRDA:212,9999,1,-
BRDA:212,9999,2,-
BRDA:232,0,0,-
BRDA:232,0,1,-
BRDA:250,9999,1,-
BRDA:250,9999,2,-
BRDA:261,9999,0,-
BRDA:261,9999,1,-
BRDA:261,9999,2,-
BRDA:261,9999,3,-
BRDA:261,1,4,-
BRDA:261,1,5,-
BRDA:280,0,0,-
BRDA:280,0,1,-
BRDA:284,0,1,-
BRDA:284,0,2,-
BRDA:289,9999,0,-
BRDA:289,9999,1,-
BRDA:318,9999,1,-
BRDA:318,9999,2,-
BRDA:349,9999,0,-
BRDA:349,9999,1,-
BRF:68
BRH:0
DA:68,0
DA:70,0
DA:75,0
DA:77,0
DA:82,0
DA:84,0
DA:89,0
DA:91,0
DA:96,0
DA:98,0
DA:103,0
DA:105,0
DA:110,0
DA:115,0
DA:116,0
DA:118,0
DA:119,0
DA:120,0
DA:121,0
DA:123,0
DA:130,0
DA:132,0
DA:133,0
DA:134,0
DA:143,0
DA:145,0
DA:146,0
DA:147,0
DA:148,0
DA:150,0
DA:160,0
DA:163,0
DA:164,0
DA:166,0
DA:167,0
DA:176,0
DA:177,0
DA:178,0
DA:179,0
DA:181,0
DA:182,0
DA:183,0
DA:185,0
DA:186,0
DA:187,0
DA:189,0
DA:192,0
DA:193,0
DA:194,0
DA:195,0
DA:200,0
DA:202,0
DA:208,0
DA:209,0
DA:211,0
DA:212,0
DA:213,0
DA:218,0
DA:220,0
DA:222,0
DA:230,0
DA:232,0
DA:233,0
DA:234,0
DA:235,0
DA:236,0
DA:245,0
DA:248,0
DA:250,0
DA:253,0
DA:259,0
DA:261,0
DA:262,0
DA:263,0
DA:265,0
DA:266,0
DA:267,0
DA:272,0
DA:280,0
DA:281,0
DA:284,0
DA:286,0
DA:289,0
DA:294,0
DA:297,0
DA:300,0
DA:304,0
DA:307,0
DA:308,0
DA:310,0
DA:315,0
DA:317,0
DA:318,0
DA:323,0
DA:325,0
DA:326,0
DA:327,0
DA:332,0
DA:334,0
DA:339,0
DA:341,0
DA:346,0
DA:348,0
DA:349,0
LF:104
LH:0
end_of_record
SF:/home/user/contikiUT/contiki/core/net/packetbuf.c
FN:77,packetbuf_clear
FN:87,packetbuf_clear_hdr
FN:93,packetbuf_copyfrom
FN:105,packetbuf_compact
FN:123,packetbuf_copyto_hdr
FN:140,packetbuf_copyto
FN:172,packetbuf_hdralloc
FN:182,packetbuf_hdr_remove
FN:188,packetbuf_hdrreduce
FN:200,packetbuf_set_datalen
FN:207,packetbuf_dataptr
FN:213,packetbuf_hdrptr
FN:219,packetbuf_reference
FN:227,packetbuf_is_reference
FN:233,packetbuf_reference_ptr
FN:239,packetbuf_datalen
FN:245,packetbuf_hdrlen
FN:260,packetbuf_totlen
FN:266,packetbuf_attr_clear
FN:278,packetbuf_attr_copyto
FN:286,packetbuf_attr_copyfrom
FN:295,packetbuf_set_attr
FN:303,packetbuf_attr
FN:309,packetbuf_set_addr
FN:317,packetbuf_addr
FN:324,packetbuf_holds_broadcast
FNDA:0,packetbuf_clear
FNDA:0,packetbuf_clear_hdr
FNDA:0,packetbuf_copyfrom
FNDA:0,packetbuf_compact
FNDA:0,packetbuf_copyto_hdr
FNDA:0,packetbuf_copyto
FNDA:0,packetbuf_hdralloc
FNDA:0,packetbuf_hdr_remove
FNDA:0,packetbuf_hdrreduce
FNDA:0,packetbuf_set_datalen
FNDA:0,packetbuf_dataptr
FNDA:0,packetbuf_hdrptr
FNDA:0,packetbuf_reference
FNDA:0,packetbuf_is_reference
FNDA:0,packetbuf_reference_ptr
FNDA:0,packetbuf_datalen
FNDA:0,packetbuf_hdrlen
FNDA:0,packetbuf_totlen
FNDA:0,packetbuf_attr_clear
FNDA:0,packetbuf_attr_copyto
FNDA:0,packetbuf_attr_copyfrom
FNDA:0,packetbuf_set_attr
FNDA:0,packetbuf_attr
FNDA:0,packetbuf_set_addr
FNDA:0,packetbuf_addr
FNDA:0,packetbuf_holds_broadcast
FNF:26
FNH:0
BRDA:109,0,1,-
BRDA:109,0,2,-
BRDA:112,0,0,-
BRDA:112,0,1,-
BRDA:114,1,0,-
BRDA:114,1,1,-
BRDA:161,0,0,-
BRDA:161,0,1,-
BRDA:174,0,0,-
BRDA:174,0,1,-
BRDA:174,1,3,-
BRDA:174,1,4,-
BRDA:174,3,5,-
BRDA:174,3,6,-
BRDA:190,0,0,-
BRDA:190,0,1,-
BRDA:250,0,0,-
BRDA:250,0,1,-
BRDA:269,2,0,-
BRDA:269,2,1,-
BRDA:272,0,0,-
BRDA:272,0,1,-
BRF:22
BRH:0
DA:77,0
DA:79,0
DA:80,0
DA:82,0
DA:83,0
DA:84,0
DA:87,0
DA:89,0
DA:90,0
DA:93,0
DA:97,0
DA:98,0
DA:99,0
DA:100,0
DA:101,0
DA:105,0
DA:109,0
DA:110,0
DA:111,0
DA:112,0
DA:113,0
DA:114,0
DA:115,0
DA:118,0
DA:120,0
DA:123,0
DA:135,0
DA:136,0
DA:140,0
DA:161,0
DA:165,0
DA:166,0
DA:167,0
DA:168,0
DA:172,0
DA:174,0
DA:175,0
DA:176,0
DA:182,0
DA:184,0
DA:185,0
DA:188,0
DA:190,0
DA:194,0
DA:195,0
DA:196,0
DA:200,0
DA:203,0
DA:204,0
DA:207,0
DA:209,0
DA:213,0
DA:215,0
DA:219,0
DA:221,0
DA:222,0
DA:223,0
DA:224,0
DA:227,0
DA:229,0
DA:233,0
DA:235,0
DA:239,0
DA:241,0
DA:245,0
DA:249,0
DA:250,0
DA:255,0
DA:260,0
DA:262,0
DA:266,0
DA:269,0
DA:270,0
DA:272,0
DA:273,0
DA:275,0
DA:278,0
DA:283,0
DA:286,0
DA:291,0
DA:295,0
DA:298,0
DA:299,0
DA:303,0
DA:305,0
DA:309,0
DA:312,0
DA:313,0
DA:317,0
DA:319,0
DA:324,0
DA:326,0
LF:92
LH:0
end_of_record
SF:/home/user/contikiUT/contiki/core/net/rpl/rpl-dag.c
FN:84,nbr_callback
FN:90,rpl_dag_init
FN:96,rpl_get_parent
FN:103,rpl_get_parent_rank
FN:114,rpl_get_parent_link_metric
FN:125,rpl_get_parent_ipaddr
FN:132,rpl_set_preferred_parent
FN:160,lollipop_greater_than
FN:175,remove_parents
FN:192,nullify_parents
FN:209,should_send_dao
FN:221,acceptable_rank
FN:229,get_dag
FN:251,rpl_set_root
FN:325,rpl_repair_root
FN:344,set_ip_from_prefix
FN:352,check_prefix
FN:388,rpl_set_prefix
FN:417,rpl_set_default_route
FN:449,rpl_alloc_instance
FN:467,rpl_alloc_dag
FN:498,rpl_set_default_instance
FN:504,rpl_free_instance
FN:532,rpl_free_dag
FN:554,rpl_add_parent
FN:584,find_parent_any_dag_any_instance
FN:592,rpl_find_parent
FN:603,find_parent_dag
FN:614,rpl_find_parent_any_dag
FN:625,rpl_select_dag
FN:716,best_parent
FN:738,rpl_select_parent
FN:750,rpl_remove_parent
FN:762,rpl_nullify_parent
FN:788,rpl_move_parent
FN:814,rpl_get_any_dag
FN:827,rpl_get_instance
FN:840,rpl_find_of
FN:856,rpl_join_instance
FN:953,rpl_add_dag
FN:1033,global_repair
FN:1061,rpl_local_repair
FN:1083,rpl_recalculate_ranks
FN:1106,rpl_process_parent_event
FN:1155,rpl_process_dio
FN:1316,rpl_lock_parent
FNDA:0,nbr_callback
FNDA:0,rpl_dag_init
FNDA:0,rpl_get_parent
FNDA:0,rpl_get_parent_rank
FNDA:0,rpl_get_parent_link_metric
FNDA:0,rpl_get_parent_ipaddr
FNDA:0,rpl_set_preferred_parent
FNDA:0,lollipop_greater_than
FNDA:0,remove_parents
FNDA:0,nullify_parents
FNDA:0,should_send_dao
FNDA:0,acceptable_rank
FNDA:0,get_dag
FNDA:0,rpl_set_root
FNDA:0,rpl_repair_root
FNDA:0,set_ip_from_prefix
FNDA:0,check_prefix
FNDA:0,rpl_set_prefix
FNDA:0,rpl_set_default_route
FNDA:0,rpl_alloc_instance
FNDA:0,rpl_alloc_dag
FNDA:0,rpl_set_default_instance
FNDA:0,rpl_free_instance
FNDA:0,rpl_free_dag
FNDA:0,rpl_add_parent
FNDA:0,find_parent_any_dag_any_instance
FNDA:0,rpl_find_parent
FNDA:0,find_parent_dag
FNDA:0,rpl_find_parent_any_dag
FNDA:0,rpl_select_dag
FNDA:0,best_parent
FNDA:0,rpl_select_parent
FNDA:0,rpl_remove_parent
FNDA:0,rpl_nullify_parent
FNDA:0,rpl_move_parent
FNDA:0,rpl_get_any_dag
FNDA:0,rpl_get_instance
FNDA:0,rpl_find_of
FNDA:0,rpl_join_instance
FNDA:0,rpl_add_dag
FNDA:0,global_repair
FNDA:0,rpl_local_repair
FNDA:0,rpl_recalculate_ranks
FNDA:0,rpl_process_parent_event
FNDA:0,rpl_process_dio
FNDA:0,rpl_lock_parent
FNF:46
FNH:0
BRDA:106,9999,0,-
BRDA:106,9999,1,-
BRDA:117,9999,0,-
BRDA:117,9999,1,-
BRDA:134,0,0,-
BRDA:134,0,1,-
BRDA:134,1,2,-
BRDA:134,1,3,-
BRDA:163,0,0,-
BRDA:163,0,1,-
BRDA:170,0,0,-
BRDA:170,0,1,-
BRDA:170,1,2,-
BRDA:170,1,3,-
BRDA:170,2,4,-
BRDA:170,2,5,-
BRDA:170,3,6,-
BRDA:170,3,7,-
BRDA:183,0,0,-
BRDA:183,0,1,-
BRDA:184,0,0,-
BRDA:184,0,1,-
BRDA:184,1,2,-
BRDA:184,1,3,-
BRDA:200,0,0,-
BRDA:200,0,1,-
BRDA:201,0,0,-
BRDA:201,0,1,-
BRDA:201,1,2,-
BRDA:201,1,3,-
BRDA:212,0,0,-
BRDA:212,0,1,-
BRDA:217,0,0,-
BRDA:217,0,1,-
BRDA:217,1,3,-
BRDA:217,1,4,-
BRDA:225,0,0,-
BRDA:225,0,1,-
BRDA:225,1,2,-
BRDA:225,1,3,-
BRDA:225,2,4,-
BRDA:225,2,5,-
BRDA:236,9999,0,-
BRDA:236,9999,1,-
BRDA:240,1,0,-
BRDA:240,1,1,-
BRDA:242,0,0,-
BRDA:242,0,1,-
BRDA:242,1,2,-
BRDA:242,1,3,-
BRDA:259,9999,0,-
BRDA:259,9999,1,-
BRDA:261,0,0,-
BRDA:261,0,1,-
BRDA:263,0,0,-
BRDA:263,0,1,-
BRDA:270,9999,0,-
BRDA:270,9999,1,-
BRDA:301,9999,0,-
BRDA:301,9999,1,-
BRDA:301,0,2,-
BRDA:301,0,3,-
BRDA:330,9999,0,-
BRDA:330,9999,1,-
BRDA:330,0,2,-
BRDA:330,0,3,-
BRDA:336,0,0,-
BRDA:336,0,1,-
BRDA:337,0,0,-
BRDA:337,0,1,-
BRDA:357,0,0,-
BRDA:357,0,1,-
BRDA:357,1,2,-
BRDA:357,1,3,-
BRDA:357,2,4,-
BRDA:357,2,5,-
BRDA:357,3,6,-
BRDA:357,3,7,-
BRDA:365,0,0,-
BRDA:365,0,1,-
BRDA:368,9999,0,-
BRDA:368,9999,1,-
BRDA:376,0,0,-
BRDA:376,0,1,-
BRDA:378,9999,1,-
BRDA:378,9999,2,-
BRDA:393,0,0,-
BRDA:393,0,1,-
BRDA:396,0,0,-
BRDA:396,0,1,-
BRDA:406,0,0,-
BRDA:406,0,1,-
BRDA:419,0,0,-
BRDA:419,0,1,-
BRDA:427,0,0,-
BRDA:427,0,1,-
BRDA:434,9999,0,-
BRDA:434,9999,1,-
BRDA:439,0,0,-
BRDA:439,0,1,-
BRDA:453,2,0,-
BRDA:453,2,1,-
BRDA:455,0,0,-
BRDA:455,0,1,-
BRDA:473,9999,0,-
BRDA:473,9999,1,-
BRDA:475,9999,0,-
BRDA:475,9999,1,-
BRDA:481,2,0,-
BRDA:481,2,1,-
BRDA:482,0,0,-
BRDA:482,0,1,-
BRDA:512,2,0,-
BRDA:512,2,1,-
BRDA:513,0,0,-
BRDA:513,0,1,-
BRDA:524,9999,0,-
BRDA:524,9999,1,-
BRDA:534,0,0,-
BRDA:534,0,1,-
BRDA:544,9999,0,-
BRDA:544,9999,1,-
BRDA:564,9999,0,-
BRDA:564,9999,1,-
BRDA:567,9999,0,-
BRDA:567,9999,1,-
BRDA:595,9999,0,-
BRDA:595,9999,1,-
BRDA:595,0,2,-
BRDA:595,0,3,-
BRDA:606,9999,0,-
BRDA:606,9999,1,-
BRDA:617,9999,0,-
BRDA:617,9999,1,-
BRDA:617,0,2,-
BRDA:617,0,3,-
BRDA:617,1,4,-
BRDA:617,1,5,-
BRDA:635,0,0,-
BRDA:635,0,1,-
BRDA:636,0,1,-
BRDA:636,0,2,-
BRDA:637,0,0,-
BRDA:637,0,1,-
BRDA:640,0,0,-
BRDA:640,0,1,-
BRDA:642,2,0,-
BRDA:642,2,1,-
BRDA:643,0,0,-
BRDA:643,0,1,-
BRDA:643,1,2,-
BRDA:643,1,3,-
BRDA:643,2,4,-
BRDA:643,2,5,-
BRDA:644,0,0,-
BRDA:644,0,1,-
BRDA:654,0,0,-
BRDA:654,0,1,-
BRDA:659,0,0,-
BRDA:659,0,1,-
BRDA:667,9999,0,-
BRDA:667,9999,1,-
BRDA:669,0,0,-
BRDA:669,0,1,-
BRDA:681,9999,0,-
BRDA:681,9999,1,-
BRDA:681,0,2,-
BRDA:681,0,3,-
BRDA:683,0,1,-
BRDA:683,0,2,-
BRDA:686,9999,0,-
BRDA:686,9999,1,-
BRDA:693,0,0,-
BRDA:693,0,1,-
BRDA:698,9999,0,-
BRDA:698,9999,1,-
BRDA:699,0,0,-
BRDA:699,0,1,-
BRDA:704,0,0,-
BRDA:704,0,1,-
BRDA:723,0,0,-
BRDA:723,0,1,-
BRDA:724,0,0,-
BRDA:724,0,1,-
BRDA:724,1,2,-
BRDA:724,1,3,-
BRDA:726,0,0,-
BRDA:726,0,1,-
BRDA:742,9999,0,-
BRDA:742,9999,1,-
BRDA:767,0,0,-
BRDA:767,0,1,-
BRDA:767,1,2,-
BRDA:767,1,3,-
BRDA:770,9999,0,-
BRDA:770,9999,1,-
BRDA:771,0,0,-
BRDA:771,0,1,-
BRDA:790,0,0,-
BRDA:790,0,1,-
BRDA:793,9999,0,-
BRDA:793,9999,1,-
BRDA:793,0,2,-
BRDA:793,0,3,-
BRDA:801,0,0,-
BRDA:801,0,1,-
BRDA:818,2,0,-
BRDA:818,2,1,-
BRDA:819,0,0,-
BRDA:819,0,1,-
BRDA:819,1,2,-
BRDA:819,1,3,-
BRDA:831,2,0,-
BRDA:831,2,1,-
BRDA:832,0,0,-
BRDA:832,0,1,-
BRDA:832,1,2,-
BRDA:832,1,3,-
BRDA:844,2,0,-
BRDA:844,2,1,-
BRDA:847,0,0,-
BRDA:847,0,1,-
BRDA:864,9999,0,-
BRDA:864,9999,1,-
BRDA:875,9999,0,-
BRDA:875,9999,1,-
BRDA:886,9999,0,-
BRDA:886,9999,1,-
BRDA:896,0,0,-
BRDA:896,0,1,-
BRDA:930,9999,0,-
BRDA:930,9999,1,-
BRDA:944,9999,0,-
BRDA:944,9999,1,-
BRDA:961,9999,0,-
BRDA:961,9999,1,-
BRDA:969,9999,0,-
BRDA:969,9999,1,-
BRDA:974,9999,0,-
BRDA:974,9999,1,-
BRDA:982,9999,0,-
BRDA:982,9999,1,-
BRDA:990,9999,0,-
BRDA:990,9999,1,-
BRDA:990,0,2,-
BRDA:990,0,3,-
BRDA:990,1,4,-
BRDA:990,1,5,-
BRDA:990,2,6,-
BRDA:990,2,7,-
BRDA:990,3,8,-
BRDA:990,3,9,-
BRDA:990,4,10,-
BRDA:990,4,11,-
BRDA:1041,9999,0,-
BRDA:1041,9999,1,-
BRDA:1044,9999,0,-
BRDA:1044,9999,1,-
BRDA:1065,0,0,-
BRDA:1065,0,1,-
BRDA:1070,1,0,-
BRDA:1070,1,1,-
BRDA:1071,0,0,-
BRDA:1071,0,1,-
BRDA:1093,0,0,-
BRDA:1093,0,1,-
BRDA:1094,0,0,-
BRDA:1094,0,1,-
BRDA:1094,1,2,-
BRDA:1094,1,3,-
BRDA:1094,2,4,-
BRDA:1094,2,5,-
BRDA:1117,0,1,-
BRDA:1117,0,2,-
BRDA:1122,9999,0,-
BRDA:1122,9999,1,-
BRDA:1129,0,1,-
BRDA:1129,0,2,-
BRDA:1166,0,0,-
BRDA:1166,0,1,-
BRDA:1175,9999,0,-
BRDA:1175,9999,1,-
BRDA:1176,0,1,-
BRDA:1176,0,2,-
BRDA:1177,0,0,-
BRDA:1177,0,1,-
BRDA:1180,0,0,-
BRDA:1180,0,1,-
BRDA:1184,0,0,-
BRDA:1184,0,1,-
BRDA:1185,0,0,-
BRDA:1185,0,1,-
BRDA:1195,0,1,-
BRDA:1195,0,2,-
BRDA:1198,0,0,-
BRDA:1198,0,1,-
BRDA:1205,0,0,-
BRDA:1205,0,1,-
BRDA:1211,0,0,-
BRDA:1211,0,1,-
BRDA:1211,1,2,-
BRDA:1211,1,3,-
BRDA:1216,0,0,-
BRDA:1216,0,1,-
BRDA:1223,0,0,-
BRDA:1223,0,1,-
BRDA:1227,0,0,-
BRDA:1227,0,1,-
BRDA:1227,1,2,-
BRDA:1227,1,3,-
BRDA:1232,0,0,-
BRDA:1232,0,1,-
BRDA:1233,0,0,-
BRDA:1233,0,1,-
BRDA:1239,0,0,-
BRDA:1239,0,1,-
BRDA:1240,0,0,-
BRDA:1240,0,1,-
BRDA:1254,9999,0,-
BRDA:1254,9999,1,-
BRDA:1256,9999,0,-
BRDA:1256,9999,1,-
BRDA:1259,9999,0,-
BRDA:1259,9999,1,-
BRDA:1270,9999,0,-
BRDA:1270,9999,1,-
BRDA:1275,0,0,-
BRDA:1275,0,1,-
BRDA:1277,0,0,-
BRDA:1277,0,1,-
BRDA:1297,0,1,-
BRDA:1297,0,2,-
BRDA:1303,0,0,-
BRDA:1303,0,1,-
BRDA:1303,1,2,-
BRDA:1303,1,3,-
BRDA:1304,0,1,-
BRDA:1304,0,2,-
BRDA:1305,0,0,-
BRDA:1305,0,1,-
BRF:340
BRH:0
DA:84,0
DA:86,0
DA:87,0
DA:90,0
DA:92,0
DA:93,0
DA:96,0
DA:98,0
DA:99,0
DA:103,0
DA:105,0
DA:106,0
DA:107,0
DA:114,0
DA:116,0
DA:117,0
DA:118,0
DA:125,0
DA:127,0
DA:128,0
DA:132,0
DA:134,0
DA:151,0
DA:152,0
DA:153,0
DA:155,0
DA:160,0
DA:163,0
DA:164,0
DA:170,0
DA:175,0
DA:182,0
DA:183,0
DA:184,0
DA:185,0
DA:187,0
DA:189,0
DA:192,0
DA:199,0
DA:200,0
DA:201,0
DA:202,0
DA:204,0
DA:206,0
DA:209,0
DA:212,0
DA:217,0
DA:221,0
DA:225,0
DA:229,0
DA:235,0
DA:236,0
DA:240,0
DA:241,0
DA:242,0
DA:251,0
DA:257,0
DA:258,0
DA:259,0
DA:260,0
DA:261,0
DA:263,0
DA:264,0
DA:266,0
DA:269,0
DA:270,0
DA:275,0
DA:277,0
DA:278,0
DA:279,0
DA:280,0
DA:281,0
DA:282,0
DA:283,0
DA:285,0
DA:287,0
DA:288,0
DA:292,0
DA:293,0
DA:294,0
DA:295,0
DA:296,0
DA:297,0
DA:299,0
DA:301,0
DA:303,0
DA:305,0
DA:308,0
DA:309,0
DA:310,0
DA:311,0
DA:319,0
DA:321,0
DA:325,0
DA:329,0
DA:330,0
DA:336,0
DA:337,0
DA:339,0
DA:340,0
DA:344,0
DA:347,0
DA:348,0
DA:349,0
DA:352,0
DA:357,0
DA:359,0
DA:362,0
DA:365,0
DA:366,0
DA:367,0
DA:368,0
DA:372,0
DA:376,0
DA:377,0
DA:378,0
DA:382,0
DA:388,0
DA:391,0
DA:393,0
DA:396,0
DA:397,0
DA:399,0
DA:400,0
DA:401,0
DA:402,0
DA:406,0
DA:408,0
DA:411,0
DA:417,0
DA:419,0
DA:423,0
DA:424,0
DA:427,0
DA:433,0
DA:434,0
DA:439,0
DA:440,0
DA:445,0
DA:449,0
DA:453,0
DA:455,0
DA:457,0
DA:458,0
DA:459,0
DA:460,0
DA:467,0
DA:472,0
DA:473,0
DA:474,0
DA:475,0
DA:481,0
DA:482,0
DA:484,0
DA:485,0
DA:486,0
DA:487,0
DA:488,0
DA:493,0
DA:494,0
DA:498,0
DA:500,0
DA:501,0
DA:504,0
DA:512,0
DA:513,0
DA:514,0
DA:518,0
DA:520,0
DA:521,0
DA:522,0
DA:524,0
DA:525,0
DA:528,0
DA:529,0
DA:532,0
DA:534,0
DA:538,0
DA:541,0
DA:544,0
DA:545,0
DA:548,0
DA:550,0
DA:551,0
DA:554,0
DA:556,0
DA:559,0
DA:564,0
DA:566,0
DA:567,0
DA:570,0
DA:571,0
DA:572,0
DA:573,0
DA:580,0
DA:584,0
DA:586,0
DA:587,0
DA:588,0
DA:592,0
DA:594,0
DA:595,0
DA:596,0
DA:603,0
DA:605,0
DA:606,0
DA:607,0
DA:614,0
DA:616,0
DA:617,0
DA:618,0
DA:625,0
DA:631,0
DA:632,0
DA:634,0
DA:635,0
DA:636,0
DA:637,0
DA:638,0
DA:640,0
DA:641,0
DA:642,0
DA:643,0
DA:644,0
DA:647,0
DA:654,0
DA:659,0
DA:661,0
DA:667,0
DA:668,0
DA:669,0
DA:670,0
DA:673,0
DA:674,0
DA:675,0
DA:678,0
DA:680,0
DA:681,0
DA:682,0
DA:683,0
DA:685,0
DA:686,0
DA:688,0
DA:693,0
DA:694,0
DA:698,0
DA:699,0
DA:701,0
DA:704,0
DA:705,0
DA:707,0
DA:716,0
DA:720,0
DA:722,0
DA:723,0
DA:724,0
DA:726,0
DA:729,0
DA:731,0
DA:734,0
DA:738,0
DA:740,0
DA:742,0
DA:743,0
DA:746,0
DA:750,0
DA:756,0
DA:758,0
DA:759,0
DA:762,0
DA:764,0
DA:767,0
DA:768,0
DA:769,0
DA:770,0
DA:771,0
DA:775,0
DA:776,0
DA:778,0
DA:785,0
DA:788,0
DA:790,0
DA:791,0
DA:792,0
DA:793,0
DA:798,0
DA:799,0
DA:801,0
DA:803,0
DA:810,0
DA:811,0
DA:814,0
DA:818,0
DA:819,0
DA:820,0
DA:827,0
DA:831,0
DA:832,0
DA:833,0
DA:840,0
DA:844,0
DA:847,0
DA:856,0
DA:863,0
DA:864,0
DA:869,0
DA:871,0
DA:875,0
DA:877,0
DA:878,0
DA:880,0
DA:885,0
DA:886,0
DA:889,0
DA:890,0
DA:891,0
DA:896,0
DA:897,0
DA:900,0
DA:901,0
DA:902,0
DA:903,0
DA:905,0
DA:906,0
DA:907,0
DA:908,0
DA:910,0
DA:911,0
DA:912,0
DA:913,0
DA:914,0
DA:915,0
DA:916,0
DA:917,0
DA:919,0
DA:922,0
DA:924,0
DA:925,0
DA:926,0
DA:928,0
DA:930,0
DA:931,0
DA:941,0
DA:942,0
DA:944,0
DA:945,0
DA:953,0
DA:960,0
DA:961,0
DA:966,0
DA:968,0
DA:969,0
DA:973,0
DA:974,0
DA:976,0
DA:977,0
DA:981,0
DA:982,0
DA:983,0
DA:989,0
DA:990,0
DA:1001,0
DA:1002,0
DA:1003,0
DA:1006,0
DA:1007,0
DA:1008,0
DA:1009,0
DA:1011,0
DA:1014,0
DA:1016,0
DA:1017,0
DA:1018,0
DA:1027,0
DA:1028,0
DA:1033,0
DA:1037,0
DA:1038,0
DA:1039,0
DA:1040,0
DA:1041,0
DA:1043,0
DA:1044,0
DA:1046,0
DA:1048,0
DA:1049,0
DA:1051,0
DA:1058,0
DA:1061,0
DA:1065,0
DA:1067,0
DA:1070,0
DA:1071,0
DA:1072,0
DA:1073,0
DA:1077,0
DA:1083,0
DA:1092,0
DA:1093,0
DA:1094,0
DA:1095,0
DA:1097,0
DA:1101,0
DA:1103,0
DA:1106,0
DA:1115,0
DA:1117,0
DA:1121,0
DA:1122,0
DA:1129,0
DA:1132,0
DA:1133,0
DA:1155,0
DA:1166,0
DA:1172,0
DA:1173,0
DA:1175,0
DA:1176,0
DA:1177,0
DA:1179,0
DA:1180,0
DA:1181,0
DA:1184,0
DA:1185,0
DA:1187,0
DA:1190,0
DA:1195,0
DA:1198,0
DA:1199,0
DA:1200,0
DA:1205,0
DA:1207,0
DA:1208,0
DA:1211,0
DA:1216,0
DA:1218,0
DA:1219,0
DA:1223,0
DA:1227,0
DA:1228,0
DA:1232,0
DA:1233,0
DA:1235,0
DA:1239,0
DA:1240,0
DA:1241,0
DA:1253,0
DA:1254,0
DA:1255,0
DA:1256,0
DA:1258,0
DA:1259,0
DA:1269,0
DA:1270,0
DA:1271,0
DA:1275,0
DA:1277,0
DA:1278,0
DA:1281,0
DA:1297,0
DA:1303,0
DA:1304,0
DA:1305,0
DA:1306,0
DA:1310,0
DA:1312,0
DA:1316,0
DA:1318,0
DA:1319,0
LF:469
LH:0
end_of_record
SF:/home/user/contikiUT/contiki/core/net/rpl/rpl-ext-header.c
FN:69,rpl_verify_header
FN:156,set_rpl_opt
FN:179,rpl_update_header_empty
FN:276,rpl_update_header_final
FN:313,rpl_remove_header
FN:338,rpl_invert_header
FN:373,rpl_insert_header
FNDA:0,rpl_verify_header
FNDA:0,set_rpl_opt
FNDA:0,rpl_update_header_empty
FNDA:0,rpl_update_header_final
FNDA:0,rpl_remove_header
FNDA:0,rpl_invert_header
FNDA:0,rpl_insert_header
FNF:7
FNH:0
BRDA:77,0,0,-
BRDA:77,0,1,-
BRDA:82,0,0,-
BRDA:82,0,1,-
BRDA:87,0,0,-
BRDA:87,0,1,-
BRDA:93,9999,0,-
BRDA:93,9999,1,-
BRDA:99,0,0,-
BRDA:99,0,1,-
BRDA:106,9999,0,-
BRDA:106,9999,1,-
BRDA:116,0,0,-
BRDA:116,0,1,-
BRDA:122,0,0,-
BRDA:122,0,1,-
BRDA:135,0,0,-
BRDA:135,0,1,-
BRDA:135,1,2,-
BRDA:135,1,3,-
BRDA:139,0,0,-
BRDA:139,0,1,-
BRDA:173,0,0,-
BRDA:173,0,1,-
BRDA:192,0,0,-
BRDA:192,0,1,-
BRDA:194,0,0,-
BRDA:194,0,1,-
BRDA:199,0,0,-
BRDA:199,0,1,-
BRDA:204,0,0,-
BRDA:204,0,1,-
BRDA:210,9999,0,-
BRDA:210,9999,1,-
BRDA:210,0,2,-
BRDA:210,0,3,-
BRDA:210,1,4,-
BRDA:210,1,5,-
BRDA:217,0,0,-
BRDA:217,0,1,-
BRDA:227,0,0,-
BRDA:227,0,1,-
BRDA:236,0,0,-
BRDA:236,0,1,-
BRDA:237,0,1,-
BRDA:237,0,2,-
BRDA:244,9999,0,-
BRDA:244,9999,1,-
BRDA:254,0,1,-
BRDA:254,0,2,-
BRDA:286,0,0,-
BRDA:286,0,1,-
BRDA:287,0,0,-
BRDA:287,0,1,-
BRDA:293,0,0,-
BRDA:293,0,1,-
BRDA:294,0,0,-
BRDA:294,0,1,-
BRDA:296,0,0,-
BRDA:296,0,1,-
BRDA:296,1,2,-
BRDA:296,1,3,-
BRDA:296,2,4,-
BRDA:296,2,5,-
BRDA:301,9999,0,-
BRDA:301,9999,1,-
BRDA:301,0,2,-
BRDA:301,0,3,-
BRDA:320,0,0,-
BRDA:320,0,1,-
BRDA:327,0,0,-
BRDA:327,0,1,-
BRDA:348,0,0,-
BRDA:348,0,1,-
BRDA:357,0,0,-
BRDA:357,0,1,-
BRDA:375,0,0,-
BRDA:375,0,1,-
BRDA:375,1,2,-
BRDA:375,1,3,-
BRF:80
BRH:0
DA:69,0
DA:77,0
DA:82,0
DA:87,0
DA:92,0
DA:93,0
DA:99,0
DA:105,0
DA:106,0
DA:107,0
DA:111,0
DA:113,0
DA:116,0
DA:121,0
DA:122,0
DA:123,0
DA:126,0
DA:127,0
DA:135,0
DA:139,0
DA:142,0
DA:143,0
DA:146,0
DA:147,0
DA:156,0
DA:160,0
DA:161,0
DA:162,0
DA:163,0
DA:164,0
DA:165,0
DA:166,0
DA:167,0
DA:168,0
DA:169,0
DA:170,0
DA:171,0
DA:172,0
DA:173,0
DA:174,0
DA:176,0
DA:179,0
DA:186,0
DA:187,0
DA:188,0
DA:192,0
DA:194,0
DA:196,0
DA:197,0
DA:199,0
DA:201,0
DA:202,0
DA:204,0
DA:206,0
DA:207,0
DA:209,0
DA:210,0
DA:217,0
DA:219,0
DA:220,0
DA:222,0
DA:223,0
DA:224,0
DA:227,0
DA:230,0
DA:236,0
DA:237,0
DA:238,0
DA:243,0
DA:244,0
DA:245,0
DA:254,0
DA:257,0
DA:261,0
DA:266,0
DA:267,0
DA:270,0
DA:271,0
DA:276,0
DA:282,0
DA:283,0
DA:284,0
DA:286,0
DA:287,0
DA:289,0
DA:290,0
DA:293,0
DA:294,0
DA:296,0
DA:300,0
DA:301,0
DA:302,0
DA:304,0
DA:305,0
DA:313,0
DA:317,0
DA:320,0
DA:323,0
DA:324,0
DA:325,0
DA:326,0
DA:327,0
DA:328,0
DA:330,0
DA:335,0
DA:338,0
DA:343,0
DA:344,0
DA:345,0
DA:348,0
DA:353,0
DA:354,0
DA:357,0
DA:360,0
DA:361,0
DA:362,0
DA:363,0
DA:364,0
DA:367,0
DA:368,0
DA:373,0
DA:375,0
DA:376,0
DA:378,0
LF:124
LH:0
end_of_record
SF:/home/user/contikiUT/contiki/core/net/rpl/rpl-icmp6.c
FN:103,get_global_addr
FN:122,get32
FN:129,set32
FN:138,get16
FN:144,set16
FN:151,dis_input
FN:182,dis_output
FN:212,dio_input
FN:425,dio_output
FN:575,dao_input
FN:803,dao_output
FN:818,dao_output_target
FN:908,dao_ack_input
FN:933,dao_ack_output
FN:952,rpl_icmp6_register_handlers
FNDA:0,get_global_addr
FNDA:0,get32
FNDA:0,set32
FNDA:0,get16
FNDA:0,set16
FNDA:0,dis_input
FNDA:0,dis_output
FNDA:0,dio_input
FNDA:0,dio_output
FNDA:0,dao_input
FNDA:0,dao_output
FNDA:0,dao_output_target
FNDA:0,dao_ack_input
FNDA:0,dao_ack_output
FNDA:0,rpl_icmp6_register_handlers
FNF:15
FNH:0
BRDA:108,2,0,-
BRDA:108,2,1,-
BRDA:110,0,0,-
BRDA:110,0,1,-
BRDA:112,0,0,-
BRDA:112,0,1,-
BRDA:112,1,2,-
BRDA:112,1,3,-
BRDA:161,2,0,-
BRDA:161,2,1,-
BRDA:163,0,0,-
BRDA:163,0,1,-
BRDA:168,0,0,-
BRDA:168,0,1,-
BRDA:199,0,0,-
BRDA:199,0,1,-
BRDA:242,0,1,-
BRDA:242,0,2,-
BRDA:243,9999,1,-
BRDA:243,9999,2,-
BRDA:297,1,0,-
BRDA:297,1,1,-
BRDA:299,0,0,-
BRDA:299,0,1,-
BRDA:306,0,0,-
BRDA:306,0,1,-
BRDA:314,0,0,-
BRDA:314,0,1,-
BRDA:314,0,2,-
BRDA:314,0,3,-
BRDA:314,0,4,-
BRDA:316,0,0,-
BRDA:316,0,1,-
BRDA:328,0,0,-
BRDA:328,0,1,-
BRDA:330,0,0,-
BRDA:330,0,1,-
BRDA:340,0,0,-
BRDA:340,0,1,-
BRDA:349,0,0,-
BRDA:349,0,1,-
BRDA:360,9999,0,-
BRDA:360,9999,1,-
BRDA:360,0,2,-
BRDA:360,0,3,-
BRDA:373,0,0,-
BRDA:373,0,1,-
BRDA:395,0,0,-
BRDA:395,0,1,-
BRDA:459,9999,0,-
BRDA:459,9999,1,-
BRDA:470,0,0,-
BRDA:470,0,1,-
BRDA:480,0,0,-
BRDA:480,0,1,-
BRDA:489,9999,0,-
BRDA:489,9999,1,-
BRDA:493,0,0,-
BRDA:493,0,1,-
BRDA:525,9999,0,-
BRDA:525,9999,1,-
BRDA:559,0,0,-
BRDA:559,0,1,-
BRDA:618,9999,0,-
BRDA:618,9999,1,-
BRDA:633,0,0,-
BRDA:633,0,1,-
BRDA:634,0,0,-
BRDA:634,0,1,-
BRDA:642,0,0,-
BRDA:642,0,1,-
BRDA:646,0,0,-
BRDA:646,0,1,-
BRDA:651,9999,0,-
BRDA:651,9999,1,-
BRDA:651,0,2,-
BRDA:651,0,3,-
BRDA:661,0,0,-
BRDA:661,0,1,-
BRDA:661,1,2,-
BRDA:661,1,3,-
BRDA:670,2,0,-
BRDA:670,2,1,-
BRDA:672,0,0,-
BRDA:672,0,1,-
BRDA:679,0,0,-
BRDA:679,0,1,-
BRDA:679,0,2,-
BRDA:714,9999,0,-
BRDA:714,9999,1,-
BRDA:717,0,0,-
BRDA:717,0,1,-
BRDA:717,1,2,-
BRDA:717,1,3,-
BRDA:717,2,4,-
BRDA:717,2,5,-
BRDA:717,2,6,-
BRDA:717,2,7,-
BRDA:717,2,8,-
BRDA:717,2,9,-
BRDA:717,4,10,-
BRDA:717,4,11,-
BRDA:730,0,0,-
BRDA:730,0,1,-
BRDA:730,0,2,-
BRDA:730,0,3,-
BRDA:730,2,4,-
BRDA:730,2,5,-
BRDA:738,0,0,-
BRDA:738,0,1,-
BRDA:747,0,1,-
BRDA:747,0,2,-
BRDA:748,9999,1,-
BRDA:748,9999,2,-
BRDA:773,9999,0,-
BRDA:773,9999,1,-
BRDA:786,0,0,-
BRDA:786,0,1,-
BRDA:787,0,0,-
BRDA:787,0,1,-
BRDA:787,0,2,-
BRDA:787,0,3,-
BRDA:787,2,4,-
BRDA:787,2,5,-
BRDA:795,0,0,-
BRDA:795,0,1,-
BRDA:808,0,1,-
BRDA:808,0,2,-
BRDA:829,0,1,-
BRDA:829,0,2,-
BRDA:833,0,0,-
BRDA:833,0,1,-
BRDA:839,0,0,-
BRDA:839,0,1,-
BRDA:846,0,0,-
BRDA:846,0,1,-
BRDA:850,0,0,-
BRDA:850,0,1,-
BRDA:860,0,0,-
BRDA:860,0,1,-
BRDA:902,0,1,-
BRDA:902,0,2,-
BRF:142
BRH:0
DA:103,0
DA:108,0
DA:109,0
DA:110,0
DA:112,0
DA:113,0
DA:114,0
DA:122,0
DA:124,0
DA:125,0
DA:129,0
DA:131,0
DA:132,0
DA:133,0
DA:134,0
DA:135,0
DA:138,0
DA:140,0
DA:144,0
DA:146,0
DA:147,0
DA:148,0
DA:151,0
DA:161,0
DA:163,0
DA:168,0
DA:170,0
DA:174,0
DA:178,0
DA:179,0
DA:182,0
DA:196,0
DA:197,0
DA:199,0
DA:200,0
DA:201,0
DA:208,0
DA:209,0
DA:212,0
DA:226,0
DA:227,0
DA:228,0
DA:229,0
DA:230,0
DA:231,0
DA:232,0
DA:233,0
DA:235,0
DA:242,0
DA:243,0
DA:244,0
DA:247,0
DA:265,0
DA:268,0
DA:269,0
DA:271,0
DA:272,0
DA:273,0
DA:274,0
DA:281,0
DA:282,0
DA:283,0
DA:285,0
DA:287,0
DA:289,0
DA:290,0
DA:297,0
DA:298,0
DA:299,0
DA:303,0
DA:306,0
DA:314,0
DA:316,0
DA:321,0
DA:322,0
DA:323,0
DA:324,0
DA:325,0
DA:326,0
DA:328,0
DA:330,0
DA:331,0
DA:340,0
DA:341,0
DA:342,0
DA:349,0
DA:356,0
DA:357,0
DA:358,0
DA:360,0
DA:363,0
DA:364,0
DA:373,0
DA:380,0
DA:381,0
DA:382,0
DA:383,0
DA:384,0
DA:385,0
DA:387,0
DA:388,0
DA:393,0
DA:395,0
DA:400,0
DA:401,0
DA:404,0
DA:407,0
DA:419,0
DA:421,0
DA:425,0
DA:429,0
DA:444,0
DA:446,0
DA:447,0
DA:448,0
DA:454,0
DA:456,0
DA:458,0
DA:459,0
DA:460,0
DA:463,0
DA:464,0
DA:465,0
DA:467,0
DA:470,0
DA:473,0
DA:474,0
DA:476,0
DA:477,0
DA:480,0
DA:481,0
DA:483,0
DA:484,0
DA:485,0
DA:486,0
DA:487,0
DA:488,0
DA:489,0
DA:490,0
DA:491,0
DA:492,0
DA:493,0
DA:494,0
DA:495,0
DA:496,0
DA:500,0
DA:506,0
DA:507,0
DA:508,0
DA:509,0
DA:510,0
DA:511,0
DA:512,0
DA:513,0
DA:514,0
DA:515,0
DA:517,0
DA:518,0
DA:519,0
DA:520,0
DA:521,0
DA:522,0
DA:525,0
DA:526,0
DA:527,0
DA:528,0
DA:529,0
DA:530,0
DA:531,0
DA:532,0
DA:533,0
DA:534,0
DA:535,0
DA:536,0
DA:537,0
DA:559,0
DA:562,0
DA:563,0
DA:569,0
DA:575,0
DA:601,0
DA:602,0
DA:604,0
DA:611,0
DA:612,0
DA:614,0
DA:615,0
DA:617,0
DA:618,0
DA:624,0
DA:626,0
DA:628,0
DA:629,0
DA:631,0
DA:633,0
DA:634,0
DA:641,0
DA:642,0
DA:646,0
DA:648,0
DA:651,0
DA:655,0
DA:656,0
DA:657,0
DA:661,0
DA:663,0
DA:664,0
DA:665,0
DA:670,0
DA:671,0
DA:672,0
DA:676,0
DA:679,0
DA:682,0
DA:684,0
DA:690,0
DA:692,0
DA:712,0
DA:714,0
DA:717,0
DA:720,0
DA:721,0
DA:725,0
DA:726,0
DA:730,0
DA:731,0
DA:735,0
DA:736,0
DA:738,0
DA:739,0
DA:747,0
DA:748,0
DA:749,0
DA:752,0
DA:770,0
DA:772,0
DA:773,0
DA:779,0
DA:780,0
DA:786,0
DA:787,0
DA:788,0
DA:792,0
DA:793,0
DA:795,0
DA:796,0
DA:799,0
DA:803,0
DA:808,0
DA:810,0
DA:814,0
DA:818,0
DA:829,0
DA:833,0
DA:838,0
DA:839,0
DA:844,0
DA:846,0
DA:850,0
DA:858,0
DA:860,0
DA:861,0
DA:863,0
DA:864,0
DA:866,0
DA:871,0
DA:872,0
DA:873,0
DA:875,0
DA:876,0
DA:880,0
DA:881,0
DA:882,0
DA:883,0
DA:884,0
DA:885,0
DA:886,0
DA:889,0
DA:890,0
DA:891,0
DA:892,0
DA:893,0
DA:894,0
DA:902,0
DA:903,0
DA:908,0
DA:929,0
DA:930,0
DA:933,0
DA:941,0
DA:943,0
DA:944,0
DA:945,0
DA:946,0
DA:948,0
DA:949,0
DA:952,0
DA:954,0
DA:955,0
DA:956,0
DA:957,0
DA:958,0
LF:302
LH:0
end_of_record
SF:/home/user/contikiUT/contiki/core/net/rpl/rpl-mrhof.c
FN:109,reset
FN:115,neighbor_link_callback
FN:147,calculate_rank
FN:177,best_dag
FN:223,update_metric_container
FNDA:0,reset
FNDA:0,neighbor_link_callback
FNDA:0,calculate_rank
FNDA:0,best_dag
FNDA:0,update_metric_container
FNF:5
FNH:0
BRDA:122,0,0,-
BRDA:122,0,1,-
BRDA:123,0,0,-
BRDA:123,0,1,-
BRDA:127,0,0,-
BRDA:127,0,1,-
BRDA:152,0,0,-
BRDA:152,0,1,-
BRDA:153,0,0,-
BRDA:153,0,1,-
BRDA:159,0,0,-
BRDA:159,0,1,-
BRDA:164,0,0,-
BRDA:164,0,1,-
BRDA:179,0,0,-
BRDA:179,0,1,-
BRDA:180,0,0,-
BRDA:180,0,1,-
BRDA:183,0,0,-
BRDA:183,0,1,-
BRDA:184,0,0,-
BRDA:184,0,1,-
BRDA:187,0,0,-
BRDA:187,0,1,-
BRF:24
BRH:0
DA:109,0
DA:112,0
DA:115,0
DA:117,0
DA:118,0
DA:122,0
DA:123,0
DA:124,0
DA:127,0
DA:130,0
DA:133,0
DA:135,0
DA:142,0
DA:144,0
DA:147,0
DA:152,0
DA:153,0
DA:158,0
DA:159,0
DA:160,0
DA:164,0
DA:170,0
DA:173,0
DA:177,0
DA:179,0
DA:180,0
DA:183,0
DA:184,0
DA:187,0
DA:223,0
DA:225,0
DA:226,0
LF:32
LH:0
end_of_record
SF:/home/user/contikiUT/contiki/core/net/rpl/rpl-timers.c
FN:67,handle_periodic_timer
FN:84,new_dio_interval
FN:129,handle_dio_timer
FN:172,rpl_reset_periodic_timer
FN:182,rpl_reset_dio_timer
FN:200,set_dao_lifetime_timer
FN:221,handle_dao_timer
FN:279,schedule_dao
FN:308,rpl_schedule_dao
FN:314,rpl_schedule_dao_immediately
FN:320,rpl_cancel_dao
FNDA:0,handle_periodic_timer
FNDA:0,new_dio_interval
FNDA:0,handle_dio_timer
FNDA:0,rpl_reset_periodic_timer
FNDA:0,rpl_reset_dio_timer
FNDA:0,set_dao_lifetime_timer
FNDA:0,handle_dao_timer
FNDA:0,schedule_dao
FNDA:0,rpl_schedule_dao
FNDA:0,rpl_schedule_dao_immediately
FNDA:0,rpl_cancel_dao
FNF:11
FNH:0
BRDA:75,9999,1,-
BRDA:75,9999,2,-
BRDA:75,0,3,-
BRDA:75,0,4,-
BRDA:75,2,5,-
BRDA:75,2,6,-
BRDA:136,0,0,-
BRDA:136,0,1,-
BRDA:137,0,1,-
BRDA:137,0,2,-
BRDA:146,0,0,-
BRDA:146,0,1,-
BRDA:148,0,0,-
BRDA:148,0,1,-
BRDA:163,0,0,-
BRDA:163,0,1,-
BRDA:187,0,0,-
BRDA:187,0,1,-
BRDA:202,0,1,-
BRDA:202,0,2,-
BRDA:208,0,0,-
BRDA:208,0,1,-
BRDA:208,1,2,-
BRDA:208,1,3,-
BRDA:231,0,0,-
BRDA:231,0,1,-
BRDA:231,1,3,-
BRDA:231,1,4,-
BRDA:231,3,5,-
BRDA:231,3,6,-
BRDA:238,0,0,-
BRDA:238,0,1,-
BRDA:273,9999,1,-
BRDA:273,9999,2,-
BRDA:283,0,1,-
BRDA:283,0,2,-
BRDA:289,0,1,-
BRDA:289,0,2,-
BRDA:292,0,0,-
BRDA:292,0,1,-
BRF:40
BRH:0
DA:67,0
DA:69,0
DA:70,0
DA:74,0
DA:75,0
DA:76,0
DA:77,0
DA:80,0
DA:81,0
DA:84,0
DA:90,0
DA:93,0
DA:94,0
DA:97,0
DA:104,0
DA:105,0
DA:121,0
DA:125,0
DA:126,0
DA:129,0
DA:133,0
DA:136,0
DA:137,0
DA:138,0
DA:141,0
DA:142,0
DA:146,0
DA:148,0
DA:152,0
DA:157,0
DA:160,0
DA:163,0
DA:164,0
DA:167,0
DA:172,0
DA:175,0
DA:176,0
DA:177,0
DA:178,0
DA:182,0
DA:187,0
DA:188,0
DA:189,0
DA:190,0
DA:196,0
DA:200,0
DA:202,0
DA:203,0
DA:208,0
DA:212,0
DA:216,0
DA:221,0
DA:229,0
DA:231,0
DA:233,0
DA:234,0
DA:238,0
DA:241,0
DA:271,0
DA:273,0
DA:274,0
DA:279,0
DA:283,0
DA:284,0
DA:287,0
DA:289,0
DA:292,0
DA:294,0
DA:301,0
DA:303,0
DA:308,0
DA:310,0
DA:311,0
DA:314,0
DA:316,0
DA:317,0
DA:320,0
DA:322,0
DA:323,0
DA:324,0
LF:80
LH:0
end_of_record
SF:/home/user/contikiUT/contiki/core/net/rpl/rpl.c
FN:65,rpl_get_mode
FN:71,rpl_set_mode
FN:105,rpl_purge_routes
FN:171,rpl_remove_routes
FN:204,rpl_remove_routes_by_nexthop
FN:223,rpl_add_route
FN:247,rpl_link_neighbor_callback
FN:273,rpl_ipv6_neighbor_callback
FN:296,rpl_init
FNDA:0,rpl_get_mode
FNDA:0,rpl_set_mode
FNDA:0,rpl_purge_routes
FNDA:0,rpl_remove_routes
FNDA:0,rpl_remove_routes_by_nexthop
FNDA:0,rpl_add_route
FNDA:0,rpl_link_neighbor_callback
FNDA:0,rpl_ipv6_neighbor_callback
FNDA:0,rpl_init
FNF:9
FNH:0
BRDA:77,0,0,-
BRDA:77,0,1,-
BRDA:86,0,0,-
BRDA:86,0,1,-
BRDA:89,0,0,-
BRDA:89,0,1,-
BRDA:93,0,0,-
BRDA:93,0,1,-
BRDA:117,0,0,-
BRDA:117,0,1,-
BRDA:118,0,0,-
BRDA:118,0,1,-
BRDA:132,0,0,-
BRDA:132,0,1,-
BRDA:133,0,0,-
BRDA:133,0,1,-
BRDA:143,9999,0,-
BRDA:143,9999,1,-
BRDA:180,0,0,-
BRDA:180,0,1,-
BRDA:181,0,0,-
BRDA:181,0,1,-
BRDA:210,0,0,-
BRDA:210,0,1,-
BRDA:211,0,1,-
BRDA:211,0,2,-
BRDA:211,1,3,-
BRDA:211,1,4,-
BRDA:211,3,5,-
BRDA:211,3,6,-
BRDA:228,0,1,-
BRDA:228,0,2,-
BRDA:257,2,1,-
BRDA:257,2,2,-
BRDA:258,0,0,-
BRDA:258,0,1,-
BRDA:260,9999,0,-
BRDA:260,9999,1,-
BRDA:264,0,0,-
BRDA:264,0,1,-
BRDA:282,2,0,-
BRDA:282,2,1,-
BRDA:283,0,0,-
BRDA:283,0,1,-
BRDA:285,9999,0,-
BRDA:285,9999,1,-
BRF:46
BRH:0
DA:65,0
DA:67,0
DA:71,0
DA:73,0
DA:77,0
DA:84,0
DA:86,0
DA:87,0
DA:89,0
DA:92,0
DA:93,0
DA:94,0
DA:98,0
DA:101,0
DA:105,0
DA:115,0
DA:117,0
DA:118,0
DA:124,0
DA:126,0
DA:130,0
DA:132,0
DA:133,0
DA:136,0
DA:137,0
DA:138,0
DA:141,0
DA:143,0
DA:145,0
DA:147,0
DA:151,0
DA:171,0
DA:178,0
DA:180,0
DA:181,0
DA:182,0
DA:183,0
DA:185,0
DA:201,0
DA:204,0
DA:208,0
DA:210,0
DA:211,0
DA:213,0
DA:214,0
DA:216,0
DA:220,0
DA:223,0
DA:228,0
DA:233,0
DA:234,0
DA:235,0
DA:243,0
DA:247,0
DA:254,0
DA:255,0
DA:257,0
DA:258,0
DA:259,0
DA:260,0
DA:263,0
DA:264,0
DA:265,0
DA:270,0
DA:273,0
DA:282,0
DA:283,0
DA:284,0
DA:285,0
DA:286,0
DA:289,0
DA:293,0
DA:296,0
DA:300,0
DA:302,0
DA:303,0
DA:304,0
DA:307,0
DA:308,0
DA:314,0
DA:315,0
LF:81
LH:0
end_of_record
SF:/home/user/contikiUT/contiki/core/sys/ctimer.c
FN:63,process_thread_ctimer_process
FN:91,ctimer_init
FN:99,ctimer_set
FN:118,ctimer_reset
FN:130,ctimer_restart
FN:142,ctimer_stop
FN:154,ctimer_expired
FNDA:0,process_thread_ctimer_process
FNDA:0,ctimer_init
FNDA:0,ctimer_set
FNDA:0,ctimer_reset
FNDA:0,ctimer_restart
FNDA:0,ctimer_stop
FNDA:0,ctimer_expired
FNF:7
FNH:0
BRDA:66,0,0,-
BRDA:66,0,1,-
BRDA:66,0,2,-
BRDA:68,1,1,-
BRDA:68,1,2,-
BRDA:74,1,0,-
BRDA:74,1,1,-
BRDA:75,2,1,-
BRDA:75,2,2,-
BRDA:76,0,0,-
BRDA:76,0,1,-
BRDA:79,9999,0,-
BRDA:79,9999,1,-
BRDA:106,0,0,-
BRDA:106,0,1,-
BRDA:120,0,0,-
BRDA:120,0,1,-
BRDA:132,0,0,-
BRDA:132,0,1,-
BRDA:144,0,0,-
BRDA:144,0,1,-
BRDA:157,0,0,-
BRDA:157,0,1,-
BRDA:160,2,1,-
BRDA:160,2,2,-
BRDA:161,0,0,-
BRDA:161,0,1,-
BRF:27
BRH:0
DA:63,0
DA:66,0
DA:68,0
DA:69,0
DA:71,0
DA:74,0
DA:75,0
DA:76,0
DA:77,0
DA:78,0
DA:79,0
DA:80,0
DA:82,0
DA:83,0
DA:87,0
DA:91,0
DA:93,0
DA:94,0
DA:95,0
DA:96,0
DA:99,0
DA:103,0
DA:104,0
DA:105,0
DA:106,0
DA:107,0
DA:108,0
DA:109,0
DA:111,0
DA:114,0
DA:115,0
DA:118,0
DA:120,0
DA:121,0
DA:122,0
DA:123,0
DA:126,0
DA:127,0
DA:130,0
DA:132,0
DA:133,0
DA:134,0
DA:135,0
DA:138,0
DA:139,0
DA:142,0
DA:144,0
DA:145,0
DA:147,0
DA:148,0
DA:150,0
DA:151,0
DA:154,0
DA:157,0
DA:158,0
DA:160,0
DA:161,0
LF:57
LH:0
end_of_record
SF:/home/user/contikiUT/contiki/core/sys/etimer.c
FN:58,update_time
FN:80,process_thread_etimer_process
FN:145,etimer_request_poll
FN:151,add_timer
FN:177,etimer_set
FN:184,etimer_reset
FN:191,etimer_restart
FN:198,etimer_adjust
FN:205,etimer_expired
FN:211,etimer_expiration_time
FN:217,etimer_start_time
FN:223,etimer_pending
FN:229,etimer_next_expiration_time
FN:235,etimer_stop
FNDA:0,update_time
FNDA:0,process_thread_etimer_process
FNDA:0,etimer_request_poll
FNDA:0,add_timer
FNDA:0,etimer_set
FNDA:0,etimer_reset
FNDA:0,etimer_restart
FNDA:0,etimer_adjust
FNDA:0,etimer_expired
FNDA:0,etimer_expiration_time
FNDA:0,etimer_start_time
FNDA:0,etimer_pending
FNDA:0,etimer_next_expiration_time
FNDA:0,etimer_stop
FNF:14
FNH:0
BRDA:64,0,0,-
BRDA:64,0,1,-
BRDA:71,1,0,-
BRDA:71,1,1,-
BRDA:72,0,0,-
BRDA:72,0,1,-
BRDA:84,0,0,-
BRDA:84,0,1,-
BRDA:84,0,2,-
BRDA:89,1,0,-
BRDA:89,1,1,-
BRDA:91,0,0,-
BRDA:91,0,1,-
BRDA:94,0,0,-
BRDA:94,0,1,-
BRDA:94,1,2,-
BRDA:94,1,3,-
BRDA:94,3,4,-
BRDA:94,3,5,-
BRDA:98,0,0,-
BRDA:98,0,1,-
BRDA:100,1,0,-
BRDA:100,1,1,-
BRDA:101,0,0,-
BRDA:101,0,1,-
BRDA:108,0,0,-
BRDA:108,0,1,-
BRDA:116,2,0,-
BRDA:116,2,1,-
BRDA:117,0,1,-
BRDA:117,0,2,-
BRDA:118,0,1,-
BRDA:118,0,2,-
BRDA:124,0,0,-
BRDA:124,0,1,-
BRDA:157,9999,0,-
BRDA:157,9999,1,-
BRDA:158,2,0,-
BRDA:158,2,1,-
BRDA:159,0,0,-
BRDA:159,0,1,-
BRDA:231,0,1,-
BRDA:231,0,2,-
BRDA:240,0,0,-
BRDA:240,0,1,-
BRDA:246,2,0,-
BRDA:246,2,1,-
BRDA:246,3,2,-
BRDA:246,3,3,-
BRDA:246,5,4,-
BRDA:246,5,5,-
BRDA:248,0,0,-
BRDA:248,0,1,-
BRF:53
BRH:0
DA:58,0
DA:64,0
DA:65,0
DA:67,0
DA:68,0
DA:70,0
DA:71,0
DA:72,0
DA:73,0
DA:76,0
DA:78,0
DA:80,0
DA:84,0
DA:86,0
DA:89,0
DA:91,0
DA:94,0
DA:95,0
DA:98,0
DA:99,0
DA:100,0
DA:101,0
DA:102,0
DA:104,0
DA:107,0
DA:108,0
DA:109,0
DA:114,0
DA:116,0
DA:117,0
DA:118,0
DA:123,0
DA:124,0
DA:125,0
DA:127,0
DA:129,0
DA:130,0
DA:131,0
DA:133,0
DA:136,0
DA:141,0
DA:145,0
DA:147,0
DA:148,0
DA:151,0
DA:155,0
DA:157,0
DA:158,0
DA:159,0
DA:161,0
DA:162,0
DA:163,0
DA:169,0
DA:170,0
DA:171,0
DA:173,0
DA:177,0
DA:179,0
DA:180,0
DA:181,0
DA:184,0
DA:186,0
DA:187,0
DA:188,0
DA:191,0
DA:193,0
DA:194,0
DA:195,0
DA:198,0
DA:200,0
DA:201,0
DA:202,0
DA:205,0
DA:207,0
DA:211,0
DA:213,0
DA:217,0
DA:219,0
DA:223,0
DA:225,0
DA:229,0
DA:231,0
DA:235,0
DA:240,0
DA:241,0
DA:242,0
DA:246,0
DA:248,0
DA:252,0
DA:254,0
DA:259,0
DA:261,0
DA:262,0
LF:93
LH:0
end_of_record
SF:/home/user/contikiUT/contiki/core/sys/process.c
FN:93,process_alloc_event
FN:99,process_start
FN:124,exit_process
FN:175,call_process
FN:202,process_exit
FN:208,process_init
FN:225,do_poll
FN:246,do_event
FN:302,process_run
FN:316,process_nevents
FN:322,process_post
FN:362,process_post_synch
FN:371,process_poll
FN:383,process_is_running
FNDA:0,process_alloc_event
FNDA:0,process_start
FNDA:0,exit_process
FNDA:0,call_process
FNDA:0,process_exit
FNDA:0,process_init
FNDA:0,do_poll
FNDA:0,do_event
FNDA:0,process_run
FNDA:0,process_nevents
FNDA:0,process_post
FNDA:0,process_post_synch
FNDA:0,process_poll
FNDA:0,process_is_running
FNF:14
FNH:0
BRDA:105,2,0,-
BRDA:105,2,1,-
BRDA:108,0,0,-
BRDA:108,0,1,-
BRDA:133,2,0,-
BRDA:133,2,1,-
BRDA:134,0,0,-
BRDA:134,0,1,-
BRDA:138,0,1,-
BRDA:138,0,2,-
BRDA:147,2,0,-
BRDA:147,2,1,-
BRDA:148,0,0,-
BRDA:148,0,1,-
BRDA:153,0,0,-
BRDA:153,0,1,-
BRDA:160,0,0,-
BRDA:160,0,1,-
BRDA:163,2,0,-
BRDA:163,2,1,-
BRDA:164,0,0,-
BRDA:164,0,1,-
BRDA:185,0,0,-
BRDA:185,0,1,-
BRDA:185,1,2,-
BRDA:185,1,3,-
BRDA:191,9999,0,-
BRDA:191,9999,1,-
BRDA:231,2,0,-
BRDA:231,2,1,-
BRDA:232,0,0,-
BRDA:232,0,1,-
BRDA:261,0,0,-
BRDA:261,0,1,-
BRDA:276,0,0,-
BRDA:276,0,1,-
BRDA:277,1,0,-
BRDA:277,1,1,-
BRDA:281,0,0,-
BRDA:281,0,1,-
BRDA:291,0,0,-
BRDA:291,0,1,-
BRDA:305,0,0,-
BRDA:305,0,1,-
BRDA:335,0,0,-
BRDA:335,0,1,-
BRDA:373,0,0,-
BRDA:373,0,1,-
BRDA:374,0,0,-
BRDA:374,0,1,-
BRF:50
BRH:0
DA:93,0
DA:95,0
DA:99,0
DA:105,0
DA:108,0
DA:109,0
DA:112,0
DA:113,0
DA:114,0
DA:115,0
DA:120,0
DA:124,0
DA:127,0
DA:133,0
DA:134,0
DA:135,0
DA:138,0
DA:140,0
DA:147,0
DA:148,0
DA:149,0
DA:153,0
DA:155,0
DA:156,0
DA:160,0
DA:161,0
DA:163,0
DA:164,0
DA:165,0
DA:166,0
DA:171,0
DA:175,0
DA:185,0
DA:188,0
DA:189,0
DA:190,0
DA:191,0
DA:194,0
DA:196,0
DA:199,0
DA:202,0
DA:204,0
DA:205,0
DA:208,0
DA:210,0
DA:212,0
DA:217,0
DA:218,0
DA:225,0
DA:229,0
DA:231,0
DA:232,0
DA:233,0
DA:234,0
DA:235,0
DA:238,0
DA:246,0
DA:261,0
DA:264,0
DA:266,0
DA:267,0
DA:271,0
DA:272,0
DA:276,0
DA:277,0
DA:281,0
DA:282,0
DA:284,0
DA:291,0
DA:292,0
DA:296,0
DA:299,0
DA:302,0
DA:305,0
DA:306,0
DA:310,0
DA:312,0
DA:316,0
DA:318,0
DA:322,0
DA:335,0
DA:346,0
DA:347,0
DA:348,0
DA:349,0
DA:350,0
DA:358,0
DA:362,0
DA:364,0
DA:366,0
DA:367,0
DA:368,0
DA:371,0
DA:373,0
DA:374,0
DA:376,0
DA:377,0
DA:380,0
DA:383,0
DA:385,0
LF:100
LH:0
end_of_record
SF:/home/user/contikiUT/contiki/core/sys/stimer.c
FN:67,stimer_set
FN:87,stimer_reset
FN:107,stimer_restart
FN:124,stimer_expired
FN:140,stimer_remaining
FN:156,stimer_elapsed
FNDA:0,stimer_set
FNDA:0,stimer_reset
FNDA:0,stimer_restart
FNDA:0,stimer_expired
FNDA:0,stimer_remaining
FNDA:0,stimer_elapsed
FNF:6
FNH:0
DA:67,0
DA:69,0
DA:70,0
DA:71,0
DA:87,0
DA:89,0
DA:90,0
DA:107,0
DA:109,0
DA:110,0
DA:124,0
DA:126,0
DA:140,0
DA:142,0
DA:156,0
DA:158,0
LF:16
LH:0
end_of_record
SF:/home/user/contikiUT/contiki/core/sys/timer.c
FN:64,timer_set
FN:84,timer_reset
FN:104,timer_restart
FN:121,timer_expired
FN:141,timer_remaining
FNDA:0,timer_set
FNDA:0,timer_reset
FNDA:0,timer_restart
FNDA:0,timer_expired
FNDA:0,timer_remaining
FNF:5
FNH:0
DA:64,0
DA:66,0
DA:67,0
DA:68,0
DA:84,0
DA:86,0
DA:87,0
DA:104,0
DA:106,0
DA:107,0
DA:121,0
DA:125,0
DA:126,0
DA:141,0
DA:143,0
LF:15
LH:0
end_of_record
SF:/home/user/contikiUT/contiki/examples/ipv6/simple-udp-rpl/broadcast-example.c
FN:58,receiver
FN:70,process_thread_broadcast_example_process
FNDA:0,receiver
FNDA:0,process_thread_broadcast_example_process
FNF:2
FNH:0
BRDA:76,0,0,-
BRDA:76,0,1,-
BRDA:76,0,2,-
BRDA:76,0,3,-
BRDA:84,1,0,-
BRDA:84,1,1,-
BRDA:84,2,3,-
BRDA:84,2,4,-
BRDA:84,4,5,-
BRDA:84,4,6,-
BRDA:88,0,0,-
BRDA:88,0,1,-
BRDA:88,1,3,-
BRDA:88,1,4,-
BRDA:88,3,5,-
BRDA:88,3,6,-
BRF:16
BRH:0
DA:58,0
DA:67,0
DA:68,0
DA:70,0
DA:76,0
DA:80,0
DA:82,0
DA:83,0
DA:84,0
DA:85,0
DA:86,0
DA:88,0
DA:90,0
DA:91,0
DA:94,0
LF:15
LH:0
end_of_record
SF:/home/user/contikiUT/contiki/platform/native/clock.c
FN:46,clock_time
FN:56,clock_seconds
FN:66,clock_delay
FNDA:0,clock_time
FNDA:0,clock_seconds
FNDA:0,clock_delay
FNF:3
FNH:0
DA:46,0
DA:50,0
DA:52,0
DA:56,0
DA:60,0
DA:62,0
DA:66,0
DA:69,0
LF:8
LH:0
end_of_record
SF:/home/user/contikiUT/cpputest/include/CppUTest/TestOutput.h
FN:115,_ZN17ConsoleTestOutputD2Ev
FN:115,_ZN17ConsoleTestOutputD0Ev
FN:145,_ZN22StringBufferTestOutput11printBufferEPKc
FN:150,_ZN22StringBufferTestOutput5flushEv
FNDA:0,_ZN17ConsoleTestOutputD0Ev
FNDA:0,_ZN17ConsoleTestOutputD2Ev
FNDA:0,_ZN22StringBufferTestOutput11printBufferEPKc
FNDA:0,_ZN22StringBufferTestOutput5flushEv
FNF:4
FNH:0
BRDA:152,0,1,-
BRDA:152,0,2,-
BRF:2
BRH:0
DA:115,0
DA:116,0
DA:117,0
DA:145,0
DA:147,0
DA:148,0
DA:150,0
DA:152,0
DA:153,0
LF:9
LH:0
end_of_record
SF:/home/user/contikiUT/cpputest/include/CppUTest/TestPlugin.h
FN:41,_ZN10TestPlugin13preTestActionER10UtestShellR10TestResult
FN:45,_ZN10TestPlugin14postTestActionER10UtestShellR10TestResult
FN:49,_ZN10TestPlugin14parseArgumentsEiPPKci
FN:111,_ZN14NullTestPluginD2Ev
FN:111,_ZN14NullTestPluginD0Ev
FNDA:0,_ZN10TestPlugin13preTestActionER10UtestShellR10TestResult
FNDA:0,_ZN10TestPlugin14postTestActionER10UtestShellR10TestResult
FNDA:0,_ZN10TestPlugin14parseArgumentsEiPPKci
FNDA:0,_ZN14NullTestPluginD0Ev
FNDA:0,_ZN14NullTestPluginD2Ev
FNF:5
FNH:0
DA:41,0
DA:43,0
DA:45,0
DA:47,0
DA:49,0
DA:51,0
DA:111,0
DA:112,0
DA:113,0
LF:9
LH:0
end_of_record
SF:/home/user/contikiUT/cpputest/include/CppUTest/Utest.h
FN:198,_ZN21ExecFunctionTestShell10createTestEv
FNDA:0,_ZN21ExecFunctionTestShell10createTestEv
FNF:1
FNH:0
BRDA:198,0,1,-
BRDA:198,0,2,-
BRF:2
BRH:0
DA:62,1
DA:69,2
DA:198,0
LF:3
LH:2
end_of_record
SF:/usr/include/i386-linux-gnu/bits/stdio2.h
DA:105,0
LF:1
LH:0
end_of_record
SF:/usr/include/i386-linux-gnu/bits/string3.h
DA:52,0
DA:58,0
DA:85,0
LF:3
LH:0
end_of_record
SF:/home/user/contikiUT/contiki/ut/src/test_ipv6.cpp
FN:108,_ZN39TEST_FirstTestGroup_FirstTest_TestShell10createTestEv
FN:108,_ZN38TEST_GROUP_CppUTestGroupFirstTestGroupD0Ev
FN:108,_ZN38TEST_GROUP_CppUTestGroupFirstTestGroupD2Ev
FN:115,_Z41__static_initialization_and_destruction_0ii
FN:115,_ZN34TEST_FirstTestGroup_FirstTest_Test8testBodyEv
FN:115,_ZN39TEST_FirstTestGroup_FirstTest_TestShellD2Ev
FN:115,_ZN34TEST_FirstTestGroup_FirstTest_TestD0Ev
FN:115,_ZN39TEST_FirstTestGroup_FirstTest_TestShellD0Ev
FN:115,_ZN34TEST_FirstTestGroup_FirstTest_TestD2Ev
FN:125,main
FN:128,_GLOBAL__sub_I_broadcast_example_process
FNDA:0,_ZN38TEST_GROUP_CppUTestGroupFirstTestGroupD0Ev
FNDA:1,_ZN38TEST_GROUP_CppUTestGroupFirstTestGroupD2Ev
FNDA:0,_ZN39TEST_FirstTestGroup_FirstTest_TestShellD0Ev
FNDA:1,_ZN39TEST_FirstTestGroup_FirstTest_TestShellD2Ev
FNDA:1,_ZN34TEST_FirstTestGroup_FirstTest_TestD0Ev
FNDA:1,_ZN34TEST_FirstTestGroup_FirstTest_TestD2Ev
FNDA:1,_ZN34TEST_FirstTestGroup_FirstTest_Test8testBodyEv
FNDA:1,_ZN39TEST_FirstTestGroup_FirstTest_TestShell10createTestEv
FNDA:1,main
FNDA:1,_GLOBAL__sub_I_broadcast_example_process
FNDA:1,_Z41__static_initialization_and_destruction_0ii
FNF:11
FNH:9
BRDA:108,9999,0,1
BRDA:108,9999,1,0
BRDA:117,0,1,1
BRDA:117,0,2,0
BRDA:128,1,1,1
BRDA:128,1,2,0
BRDA:128,2,3,1
BRDA:128,2,4,0
BRF:8
BRH:4
DA:108,2
DA:115,6
DA:117,1
DA:118,1
DA:125,1
DA:127,1
DA:128,3
LF:7
LH:7
end_of_record
